Looking for Holiday in main calendar..
Calendar URL : https://ru.investing.com/economic-calendar/
The schedule: 
00:30
03:30
08:00
10:00
10:45
11:00
12:00
15:00
16:30
17:00
17:30
18:00
18:30
20:00
Now is 00:28:19.257711 and I gonna handle events at 00:30
Before "execute Calendaring Thread" let's change event status - 00:30 = true
BEGIN TO HANDLE EVENT AT 00:30 main calendar
Well, event is processing, just wating for 2 min before next event check. New iterration.
ChromeDriever download path = /home/torodioro/AutoUpdater/
Starting ChromeDriver 87.0.4280.88 (89e2380a3e36c3464b5dd1302349b1382549290d-refs/branch-heads/4280@{#1761}) on port 17271
Only local connections are allowed.
Please see https://chromedriver.chromium.org/security-considerations for suggestions on keeping ChromeDriver safe.
ChromeDriver was started successfully.
Event at 00:30 : Wait for 60 min until all cell of waitingList will be with text
WAIT FOR ALL tr[data-event-datetime="2020/12/23 00:30:00"] TO BE FULL OF TEXT..
WAIT FOR ALL tr[data-event-datetime="2020/12/23 00:30:00"] TO BE FULL OF TEXT..
WAIT FOR ALL tr[data-event-datetime="2020/12/23 00:30:00"] TO BE FULL OF TEXT..
Event at 00:30 : All good, try to send 1 events to Telegram
Event at 00:30 : Shutdown Chrome
smile = %F0%9F%94%B5%F0%9F%94%B5%E2%9A%AA
text to send to Telegram: #США $USD %F0%9F%94%B5%F0%9F%94%B5%E2%9A%AA
Недельные запасы сырой нефти по данным Американского института нефти (API)
*было: 1,973M
ожидалось: -3,250M
стало: 2,700M
*

https://api.telegram.org/bot1473657414:AAGtn6-sO0pRxUMaK5iF_0-zs8gP3T3W6RE/sendMessage?chat_id=@torodioro&disable_notification=false&parse_mode=MarkdownV2&text=\%2323декабря2020г\%2E%20\%23США%20$USD%20%F0%9F%94%B5%F0%9F%94%B5%E2%9A%AA%0D%0AНедельные%20запасы%20сырой%20нефти%20по%20данным%20Американского%20института%20нефти%20\%28API\%29%0D%0A*было:%201,973M%0D%0Aожидалось:%20\%2D3,250M%0D%0Aстало:%202,700M%0D%0A*%0D%0A
https://api.telegram.org/bot1473657414:AAGtn6-sO0pRxUMaK5iF_0-zs8gP3T3W6RE/editMessageText?chat_id=@torodioro&parse_mode=MarkdownV2&message_id=176&text=**%D0%A1%D0%BE%D0%BE%D0%B1%D1%89%D0%B5%D0%BD%D0%B8%D1%8F%20%D0%BF%D0%BE%20%D0%B4%D0%B0%D1%82%D0%B0%D0%BC%3A**%0A%D0%BF%D0%B5%D1%80%D0%B5%D0%B9%D0%B4%D1%8F%20%D0%BF%D0%BE%20%D1%85%D1%8D%D1%88%D1%82%D0%B5%D0%B3%D1%83%20%D0%BC%D0%BE%D0%B6%D0%BD%D0%BE%20%D0%BF%D0%BE%D0%BB%D1%83%D1%87%D0%B8%D1%82%D1%8C%20%D1%81%D0%BF%D0%B8%D1%81%D0%BE%D0%BA%20%D0%B2%D1%81%D0%B5%D1%85%20%D1%81%D0%BE%D0%BE%D0%B1%D1%89%D0%B5%D0%BD%D0%B8%D0%B9%20%D0%BD%D0%B0%20%D0%BE%D0%BF%D1%80%D0%B5%D0%B4%D0%B5%D0%BB%D0%B5%D0%BD%D0%BD%D1%83%D1%8E%20%D0%B4%D0%B0%D1%82%D1%83\%2E%0A%0A\%2312%D0%B4%D0%B5%D0%BA%D0%B0%D0%B1%D1%80%D1%8F2020%D0%B3\%2E%0A\%2314%D0%B4%D0%B5%D0%BA%D0%B0%D0%B1%D1%80%D1%8F2020%D0%B3\%2E%0A\%2315%D0%B4%D0%B5%D0%BA%D0%B0%D0%B1%D1%80%D1%8F2020%D0%B3\%2E%0A\%2316%D0%B4%D0%B5%D0%BA%D0%B0%D0%B1%D1%80%D1%8F2020%D0%B3\%2E%0A\%2317%D0%B4%D0%B5%D0%BA%D0%B0%D0%B1%D1%80%D1%8F2020%D0%B3\%2E%0A\%2318%D0%B4%D0%B5%D0%BA%D0%B0%D0%B1%D1%80%D1%8F2020%D0%B3\%2E%0A\%2319%D0%B4%D0%B5%D0%BA%D0%B0%D0%B1%D1%80%D1%8F2020%D0%B3\%2E%0A\%2321%D0%B4%D0%B5%D0%BA%D0%B0%D0%B1%D1%80%D1%8F2020%D0%B3\%2E%0A\%2322%D0%B4%D0%B5%D0%BA%D0%B0%D0%B1%D1%80%D1%8F2020%D0%B3\%2E%0A\%2323%D0%B4%D0%B5%D0%BA%D0%B0%D0%B1%D1%80%D1%8F2020%D0%B3\%2E%0A%0A\%2E%0A
org.jsoup.HttpStatusException: HTTP error fetching URL. Status=400, URL=https://api.telegram.org/bot1473657414:AAGtn6-sO0pRxUMaK5iF_0-zs8gP3T3W6RE/editMessageText?chat_id=@torodioro&parse_mode=MarkdownV2&message_id=176&text=**%D0%A1%D0%BE%D0%BE%D0%B1%D1%89%D0%B5%D0%BD%D0%B8%D1%8F%20%D0%BF%D0%BE%20%D0%B4%D0%B0%D1%82%D0%B0%D0%BC%3A**%0A%D0%BF%D0%B5%D1%80%D0%B5%D0%B9%D0%B4%D1%8F%20%D0%BF%D0%BE%20%D1%85%D1%8D%D1%88%D1%82%D0%B5%D0%B3%D1%83%20%D0%BC%D0%BE%D0%B6%D0%BD%D0%BE%20%D0%BF%D0%BE%D0%BB%D1%83%D1%87%D0%B8%D1%82%D1%8C%20%D1%81%D0%BF%D0%B8%D1%81%D0%BE%D0%BA%20%D0%B2%D1%81%D0%B5%D1%85%20%D1%81%D0%BE%D0%BE%D0%B1%D1%89%D0%B5%D0%BD%D0%B8%D0%B9%20%D0%BD%D0%B0%20%D0%BE%D0%BF%D1%80%D0%B5%D0%B4%D0%B5%D0%BB%D0%B5%D0%BD%D0%BD%D1%83%D1%8E%20%D0%B4%D0%B0%D1%82%D1%83\%2E%0A%0A\%2312%D0%B4%D0%B5%D0%BA%D0%B0%D0%B1%D1%80%D1%8F2020%D0%B3\%2E%0A\%2314%D0%B4%D0%B5%D0%BA%D0%B0%D0%B1%D1%80%D1%8F2020%D0%B3\%2E%0A\%2315%D0%B4%D0%B5%D0%BA%D0%B0%D0%B1%D1%80%D1%8F2020%D0%B3\%2E%0A\%2316%D0%B4%D0%B5%D0%BA%D0%B0%D0%B1%D1%80%D1%8F2020%D0%B3\%2E%0A\%2317%D0%B4%D0%B5%D0%BA%D0%B0%D0%B1%D1%80%D1%8F2020%D0%B3\%2E%0A\%2318%D0%B4%D0%B5%D0%BA%D0%B0%D0%B1%D1%80%D1%8F2020%D0%B3\%2E%0A\%2319%D0%B4%D0%B5%D0%BA%D0%B0%D0%B1%D1%80%D1%8F2020%D0%B3\%2E%0A\%2321%D0%B4%D0%B5%D0%BA%D0%B0%D0%B1%D1%80%D1%8F2020%D0%B3\%2E%0A\%2322%D0%B4%D0%B5%D0%BA%D0%B0%D0%B1%D1%80%D1%8F2020%D0%B3\%2E%0A\%2323%D0%B4%D0%B5%D0%BA%D0%B0%D0%B1%D1%80%D1%8F2020%D0%B3\%2E%0A%0A\%2E%0A
	at org.jsoup.helper.HttpConnection$Response.execute(HttpConnection.java:762)
	at org.jsoup.helper.HttpConnection$Response.execute(HttpConnection.java:707)
	at org.jsoup.helper.HttpConnection.execute(HttpConnection.java:297)
	at com.ovus.aisekle.telegrambotwork.TBWork.sendRequest(TBWork.java:102)
	at com.ovus.aisekle.telegrambotwork.TBWork.editMessageText(TBWork.java:48)
	at com.ovus.aisekle.telegrambotwork.TBWork.editMessageText(TBWork.java:45)
	at finca.Glossary.Update(Glossary.java:42)
	at finca.BulletinSender.sendBulletin2Telegram(BulletinSender.java:132)
	at finca.Calendaring.eventSender(Calendaring.java:206)
	at finca.Calendaring.lambda$getEvent$0(Calendaring.java:116)
	at org.openqa.selenium.support.ui.FluentWait.until(FluentWait.java:249)
	at finca.Calendaring.getEvent(Calendaring.java:100)
	at finca.Calendaring.call(Calendaring.java:73)
	at finca.Calendaring.call(Calendaring.java:38)
	at java.base/java.util.concurrent.FutureTask.run(FutureTask.java:264)
	at java.base/java.util.concurrent.ThreadPoolExecutor.runWorker(ThreadPoolExecutor.java:1128)
	at java.base/java.util.concurrent.ThreadPoolExecutor$Worker.run(ThreadPoolExecutor.java:628)
	at java.base/java.lang.Thread.run(Thread.java:834)
accumulator.size() >= trl.size() waiting should be finished!
Now is 03:28:21.445042 and I gonna handle events at 03:30
Before "execute Calendaring Thread" let's change event status - 03:30 = true
BEGIN TO HANDLE EVENT AT 03:30 main calendar
Well, event is processing, just wating for 2 min before next event check. New iterration.
ChromeDriever download path = /home/torodioro/AutoUpdater/
Starting ChromeDriver 87.0.4280.88 (89e2380a3e36c3464b5dd1302349b1382549290d-refs/branch-heads/4280@{#1761}) on port 10367
Only local connections are allowed.
Please see https://chromedriver.chromium.org/security-considerations for suggestions on keeping ChromeDriver safe.
ChromeDriver was started successfully.
Event at 03:30 : Wait for 60 min until all cell of waitingList will be with text
WAIT FOR ALL tr[data-event-datetime="2020/12/23 03:30:00"] TO BE FULL OF TEXT..
WAIT FOR ALL tr[data-event-datetime="2020/12/23 03:30:00"] TO BE FULL OF TEXT..
WAIT FOR ALL tr[data-event-datetime="2020/12/23 03:30:00"] TO BE FULL OF TEXT..
Event at 03:30 : All good, try to send 2 events to Telegram
Event at 03:30 : Shutdown Chrome
smile = %F0%9F%94%B5%E2%9A%AA%E2%9A%AA
text to send to Telegram: #Австралия $AUD %F0%9F%94%B5%E2%9A%AA%E2%9A%AA
Объём ипотечного кредитования (нояб)
*было: 0,3%
стало: 0,3%
*

smile = %F0%9F%94%B5%F0%9F%94%B5%E2%9A%AA
text to send to Telegram: #Австралия $AUD %F0%9F%94%B5%E2%9A%AA%E2%9A%AA
Объём ипотечного кредитования (нояб)
*было: 0,3%
стало: 0,3%
*
#Австралия $AUD %F0%9F%94%B5%F0%9F%94%B5%E2%9A%AA
Кредитование частного сектора (м/м) (нояб)
*было: 0,0%
стало: 0,1%
*

https://api.telegram.org/bot1473657414:AAGtn6-sO0pRxUMaK5iF_0-zs8gP3T3W6RE/sendMessage?chat_id=@torodioro&disable_notification=false&parse_mode=MarkdownV2&text=\%2323декабря2020г\%2E%20\%23Австралия%20$AUD%20%F0%9F%94%B5%E2%9A%AA%E2%9A%AA%0D%0AОбъём%20ипотечного%20кредитования%20\%28нояб\%29%0D%0A*было:%200,3%%0D%0Aстало:%200,3%%0D%0A*%0D%0A\%23Австралия%20$AUD%20%F0%9F%94%B5%F0%9F%94%B5%E2%9A%AA%0D%0AКредитование%20частного%20сектора%20\%28м/м\%29%20\%28нояб\%29%0D%0A*было:%200,0%%0D%0Aстало:%200,1%%0D%0A*%0D%0A
https://api.telegram.org/bot1473657414:AAGtn6-sO0pRxUMaK5iF_0-zs8gP3T3W6RE/editMessageText?chat_id=@torodioro&parse_mode=MarkdownV2&message_id=176&text=**%D0%A1%D0%BE%D0%BE%D0%B1%D1%89%D0%B5%D0%BD%D0%B8%D1%8F%20%D0%BF%D0%BE%20%D0%B4%D0%B0%D1%82%D0%B0%D0%BC%3A**%0A%D0%BF%D0%B5%D1%80%D0%B5%D0%B9%D0%B4%D1%8F%20%D0%BF%D0%BE%20%D1%85%D1%8D%D1%88%D1%82%D0%B5%D0%B3%D1%83%20%D0%BC%D0%BE%D0%B6%D0%BD%D0%BE%20%D0%BF%D0%BE%D0%BB%D1%83%D1%87%D0%B8%D1%82%D1%8C%20%D1%81%D0%BF%D0%B8%D1%81%D0%BE%D0%BA%20%D0%B2%D1%81%D0%B5%D1%85%20%D1%81%D0%BE%D0%BE%D0%B1%D1%89%D0%B5%D0%BD%D0%B8%D0%B9%20%D0%BD%D0%B0%20%D0%BE%D0%BF%D1%80%D0%B5%D0%B4%D0%B5%D0%BB%D0%B5%D0%BD%D0%BD%D1%83%D1%8E%20%D0%B4%D0%B0%D1%82%D1%83\%2E%0A%0A\%2312%D0%B4%D0%B5%D0%BA%D0%B0%D0%B1%D1%80%D1%8F2020%D0%B3\%2E%0A\%2314%D0%B4%D0%B5%D0%BA%D0%B0%D0%B1%D1%80%D1%8F2020%D0%B3\%2E%0A\%2315%D0%B4%D0%B5%D0%BA%D0%B0%D0%B1%D1%80%D1%8F2020%D0%B3\%2E%0A\%2316%D0%B4%D0%B5%D0%BA%D0%B0%D0%B1%D1%80%D1%8F2020%D0%B3\%2E%0A\%2317%D0%B4%D0%B5%D0%BA%D0%B0%D0%B1%D1%80%D1%8F2020%D0%B3\%2E%0A\%2318%D0%B4%D0%B5%D0%BA%D0%B0%D0%B1%D1%80%D1%8F2020%D0%B3\%2E%0A\%2319%D0%B4%D0%B5%D0%BA%D0%B0%D0%B1%D1%80%D1%8F2020%D0%B3\%2E%0A\%2321%D0%B4%D0%B5%D0%BA%D0%B0%D0%B1%D1%80%D1%8F2020%D0%B3\%2E%0A\%2322%D0%B4%D0%B5%D0%BA%D0%B0%D0%B1%D1%80%D1%8F2020%D0%B3\%2E%0A\%2323%D0%B4%D0%B5%D0%BA%D0%B0%D0%B1%D1%80%D1%8F2020%D0%B3\%2E%0A%0A\%2E%0A
org.jsoup.HttpStatusException: HTTP error fetching URL. Status=400, URL=https://api.telegram.org/bot1473657414:AAGtn6-sO0pRxUMaK5iF_0-zs8gP3T3W6RE/editMessageText?chat_id=@torodioro&parse_mode=MarkdownV2&message_id=176&text=**%D0%A1%D0%BE%D0%BE%D0%B1%D1%89%D0%B5%D0%BD%D0%B8%D1%8F%20%D0%BF%D0%BE%20%D0%B4%D0%B0%D1%82%D0%B0%D0%BC%3A**%0A%D0%BF%D0%B5%D1%80%D0%B5%D0%B9%D0%B4%D1%8F%20%D0%BF%D0%BE%20%D1%85%D1%8D%D1%88%D1%82%D0%B5%D0%B3%D1%83%20%D0%BC%D0%BE%D0%B6%D0%BD%D0%BE%20%D0%BF%D0%BE%D0%BB%D1%83%D1%87%D0%B8%D1%82%D1%8C%20%D1%81%D0%BF%D0%B8%D1%81%D0%BE%D0%BA%20%D0%B2%D1%81%D0%B5%D1%85%20%D1%81%D0%BE%D0%BE%D0%B1%D1%89%D0%B5%D0%BD%D0%B8%D0%B9%20%D0%BD%D0%B0%20%D0%BE%D0%BF%D1%80%D0%B5%D0%B4%D0%B5%D0%BB%D0%B5%D0%BD%D0%BD%D1%83%D1%8E%20%D0%B4%D0%B0%D1%82%D1%83\%2E%0A%0A\%2312%D0%B4%D0%B5%D0%BA%D0%B0%D0%B1%D1%80%D1%8F2020%D0%B3\%2E%0A\%2314%D0%B4%D0%B5%D0%BA%D0%B0%D0%B1%D1%80%D1%8F2020%D0%B3\%2E%0A\%2315%D0%B4%D0%B5%D0%BA%D0%B0%D0%B1%D1%80%D1%8F2020%D0%B3\%2E%0A\%2316%D0%B4%D0%B5%D0%BA%D0%B0%D0%B1%D1%80%D1%8F2020%D0%B3\%2E%0A\%2317%D0%B4%D0%B5%D0%BA%D0%B0%D0%B1%D1%80%D1%8F2020%D0%B3\%2E%0A\%2318%D0%B4%D0%B5%D0%BA%D0%B0%D0%B1%D1%80%D1%8F2020%D0%B3\%2E%0A\%2319%D0%B4%D0%B5%D0%BA%D0%B0%D0%B1%D1%80%D1%8F2020%D0%B3\%2E%0A\%2321%D0%B4%D0%B5%D0%BA%D0%B0%D0%B1%D1%80%D1%8F2020%D0%B3\%2E%0A\%2322%D0%B4%D0%B5%D0%BA%D0%B0%D0%B1%D1%80%D1%8F2020%D0%B3\%2E%0A\%2323%D0%B4%D0%B5%D0%BA%D0%B0%D0%B1%D1%80%D1%8F2020%D0%B3\%2E%0A%0A\%2E%0A
	at org.jsoup.helper.HttpConnection$Response.execute(HttpConnection.java:762)
	at org.jsoup.helper.HttpConnection$Response.execute(HttpConnection.java:707)
	at org.jsoup.helper.HttpConnection.execute(HttpConnection.java:297)
	at com.ovus.aisekle.telegrambotwork.TBWork.sendRequest(TBWork.java:102)
	at com.ovus.aisekle.telegrambotwork.TBWork.editMessageText(TBWork.java:48)
	at com.ovus.aisekle.telegrambotwork.TBWork.editMessageText(TBWork.java:45)
	at finca.Glossary.Update(Glossary.java:42)
	at finca.BulletinSender.sendBulletin2Telegram(BulletinSender.java:132)
	at finca.Calendaring.eventSender(Calendaring.java:206)
	at finca.Calendaring.lambda$getEvent$0(Calendaring.java:116)
	at org.openqa.selenium.support.ui.FluentWait.until(FluentWait.java:249)
	at finca.Calendaring.getEvent(Calendaring.java:100)
	at finca.Calendaring.call(Calendaring.java:73)
	at finca.Calendaring.call(Calendaring.java:38)
	at java.base/java.util.concurrent.FutureTask.run(FutureTask.java:264)
	at java.base/java.util.concurrent.ThreadPoolExecutor.runWorker(ThreadPoolExecutor.java:1128)
	at java.base/java.util.concurrent.ThreadPoolExecutor$Worker.run(ThreadPoolExecutor.java:628)
	at java.base/java.lang.Thread.run(Thread.java:834)
accumulator.size() >= trl.size() waiting should be finished!
Now is 07:58:21.939456 and I gonna handle events at 08:00
Before "execute Calendaring Thread" let's change event status - 08:00 = true
BEGIN TO HANDLE EVENT AT 08:00 main calendar
Well, event is processing, just wating for 2 min before next event check. New iterration.
ChromeDriever download path = /home/torodioro/AutoUpdater/
Starting ChromeDriver 87.0.4280.88 (89e2380a3e36c3464b5dd1302349b1382549290d-refs/branch-heads/4280@{#1761}) on port 17750
Only local connections are allowed.
Please see https://chromedriver.chromium.org/security-considerations for suggestions on keeping ChromeDriver safe.
ChromeDriver was started successfully.
Event at 08:00 : Wait for 60 min until all cell of waitingList will be with text
WAIT FOR ALL tr[data-event-datetime="2020/12/23 08:00:00"] TO BE FULL OF TEXT..
WAIT FOR ALL tr[data-event-datetime="2020/12/23 08:00:00"] TO BE FULL OF TEXT..
Event at 08:00 : All good, try to send 1 events to Telegram
Event at 08:00 : Shutdown Chrome
smile = %F0%9F%94%B5%F0%9F%94%B5%E2%9A%AA
text to send to Telegram: #Сингапур $SGD %F0%9F%94%B5%F0%9F%94%B5%E2%9A%AA
Индекс потребительских цен (ИПЦ) (г/г) (нояб)
*было: -0,2%
ожидалось: -0,2%
стало: -0,1%
*

https://api.telegram.org/bot1473657414:AAGtn6-sO0pRxUMaK5iF_0-zs8gP3T3W6RE/sendMessage?chat_id=@torodioro&disable_notification=false&parse_mode=MarkdownV2&text=\%2323декабря2020г\%2E%20\%23Сингапур%20$SGD%20%F0%9F%94%B5%F0%9F%94%B5%E2%9A%AA%0D%0AИндекс%20потребительских%20цен%20\%28ИПЦ\%29%20\%28г/г\%29%20\%28нояб\%29%0D%0A*было:%20\%2D0,2%%0D%0Aожидалось:%20\%2D0,2%%0D%0Aстало:%20\%2D0,1%%0D%0A*%0D%0A
https://api.telegram.org/bot1473657414:AAGtn6-sO0pRxUMaK5iF_0-zs8gP3T3W6RE/editMessageText?chat_id=@torodioro&parse_mode=MarkdownV2&message_id=176&text=**%D0%A1%D0%BE%D0%BE%D0%B1%D1%89%D0%B5%D0%BD%D0%B8%D1%8F%20%D0%BF%D0%BE%20%D0%B4%D0%B0%D1%82%D0%B0%D0%BC%3A**%0A%D0%BF%D0%B5%D1%80%D0%B5%D0%B9%D0%B4%D1%8F%20%D0%BF%D0%BE%20%D1%85%D1%8D%D1%88%D1%82%D0%B5%D0%B3%D1%83%20%D0%BC%D0%BE%D0%B6%D0%BD%D0%BE%20%D0%BF%D0%BE%D0%BB%D1%83%D1%87%D0%B8%D1%82%D1%8C%20%D1%81%D0%BF%D0%B8%D1%81%D0%BE%D0%BA%20%D0%B2%D1%81%D0%B5%D1%85%20%D1%81%D0%BE%D0%BE%D0%B1%D1%89%D0%B5%D0%BD%D0%B8%D0%B9%20%D0%BD%D0%B0%20%D0%BE%D0%BF%D1%80%D0%B5%D0%B4%D0%B5%D0%BB%D0%B5%D0%BD%D0%BD%D1%83%D1%8E%20%D0%B4%D0%B0%D1%82%D1%83\%2E%0A%0A\%2312%D0%B4%D0%B5%D0%BA%D0%B0%D0%B1%D1%80%D1%8F2020%D0%B3\%2E%0A\%2314%D0%B4%D0%B5%D0%BA%D0%B0%D0%B1%D1%80%D1%8F2020%D0%B3\%2E%0A\%2315%D0%B4%D0%B5%D0%BA%D0%B0%D0%B1%D1%80%D1%8F2020%D0%B3\%2E%0A\%2316%D0%B4%D0%B5%D0%BA%D0%B0%D0%B1%D1%80%D1%8F2020%D0%B3\%2E%0A\%2317%D0%B4%D0%B5%D0%BA%D0%B0%D0%B1%D1%80%D1%8F2020%D0%B3\%2E%0A\%2318%D0%B4%D0%B5%D0%BA%D0%B0%D0%B1%D1%80%D1%8F2020%D0%B3\%2E%0A\%2319%D0%B4%D0%B5%D0%BA%D0%B0%D0%B1%D1%80%D1%8F2020%D0%B3\%2E%0A\%2321%D0%B4%D0%B5%D0%BA%D0%B0%D0%B1%D1%80%D1%8F2020%D0%B3\%2E%0A\%2322%D0%B4%D0%B5%D0%BA%D0%B0%D0%B1%D1%80%D1%8F2020%D0%B3\%2E%0A\%2323%D0%B4%D0%B5%D0%BA%D0%B0%D0%B1%D1%80%D1%8F2020%D0%B3\%2E%0A%0A\%2E%0A
org.jsoup.HttpStatusException: HTTP error fetching URL. Status=400, URL=https://api.telegram.org/bot1473657414:AAGtn6-sO0pRxUMaK5iF_0-zs8gP3T3W6RE/editMessageText?chat_id=@torodioro&parse_mode=MarkdownV2&message_id=176&text=**%D0%A1%D0%BE%D0%BE%D0%B1%D1%89%D0%B5%D0%BD%D0%B8%D1%8F%20%D0%BF%D0%BE%20%D0%B4%D0%B0%D1%82%D0%B0%D0%BC%3A**%0A%D0%BF%D0%B5%D1%80%D0%B5%D0%B9%D0%B4%D1%8F%20%D0%BF%D0%BE%20%D1%85%D1%8D%D1%88%D1%82%D0%B5%D0%B3%D1%83%20%D0%BC%D0%BE%D0%B6%D0%BD%D0%BE%20%D0%BF%D0%BE%D0%BB%D1%83%D1%87%D0%B8%D1%82%D1%8C%20%D1%81%D0%BF%D0%B8%D1%81%D0%BE%D0%BA%20%D0%B2%D1%81%D0%B5%D1%85%20%D1%81%D0%BE%D0%BE%D0%B1%D1%89%D0%B5%D0%BD%D0%B8%D0%B9%20%D0%BD%D0%B0%20%D0%BE%D0%BF%D1%80%D0%B5%D0%B4%D0%B5%D0%BB%D0%B5%D0%BD%D0%BD%D1%83%D1%8E%20%D0%B4%D0%B0%D1%82%D1%83\%2E%0A%0A\%2312%D0%B4%D0%B5%D0%BA%D0%B0%D0%B1%D1%80%D1%8F2020%D0%B3\%2E%0A\%2314%D0%B4%D0%B5%D0%BA%D0%B0%D0%B1%D1%80%D1%8F2020%D0%B3\%2E%0A\%2315%D0%B4%D0%B5%D0%BA%D0%B0%D0%B1%D1%80%D1%8F2020%D0%B3\%2E%0A\%2316%D0%B4%D0%B5%D0%BA%D0%B0%D0%B1%D1%80%D1%8F2020%D0%B3\%2E%0A\%2317%D0%B4%D0%B5%D0%BA%D0%B0%D0%B1%D1%80%D1%8F2020%D0%B3\%2E%0A\%2318%D0%B4%D0%B5%D0%BA%D0%B0%D0%B1%D1%80%D1%8F2020%D0%B3\%2E%0A\%2319%D0%B4%D0%B5%D0%BA%D0%B0%D0%B1%D1%80%D1%8F2020%D0%B3\%2E%0A\%2321%D0%B4%D0%B5%D0%BA%D0%B0%D0%B1%D1%80%D1%8F2020%D0%B3\%2E%0A\%2322%D0%B4%D0%B5%D0%BA%D0%B0%D0%B1%D1%80%D1%8F2020%D0%B3\%2E%0A\%2323%D0%B4%D0%B5%D0%BA%D0%B0%D0%B1%D1%80%D1%8F2020%D0%B3\%2E%0A%0A\%2E%0A
	at org.jsoup.helper.HttpConnection$Response.execute(HttpConnection.java:762)
	at org.jsoup.helper.HttpConnection$Response.execute(HttpConnection.java:707)
	at org.jsoup.helper.HttpConnection.execute(HttpConnection.java:297)
	at com.ovus.aisekle.telegrambotwork.TBWork.sendRequest(TBWork.java:102)
	at com.ovus.aisekle.telegrambotwork.TBWork.editMessageText(TBWork.java:48)
	at com.ovus.aisekle.telegrambotwork.TBWork.editMessageText(TBWork.java:45)
	at finca.Glossary.Update(Glossary.java:42)
	at finca.BulletinSender.sendBulletin2Telegram(BulletinSender.java:132)
	at finca.Calendaring.eventSender(Calendaring.java:206)
	at finca.Calendaring.lambda$getEvent$0(Calendaring.java:116)
	at org.openqa.selenium.support.ui.FluentWait.until(FluentWait.java:249)
	at finca.Calendaring.getEvent(Calendaring.java:100)
	at finca.Calendaring.call(Calendaring.java:73)
	at finca.Calendaring.call(Calendaring.java:38)
	at java.base/java.util.concurrent.FutureTask.run(FutureTask.java:264)
	at java.base/java.util.concurrent.ThreadPoolExecutor.runWorker(ThreadPoolExecutor.java:1128)
	at java.base/java.util.concurrent.ThreadPoolExecutor$Worker.run(ThreadPoolExecutor.java:628)
	at java.base/java.lang.Thread.run(Thread.java:834)
WAIT FOR ALL tr[data-event-datetime="2020/12/23 08:00:00"] TO BE FULL OF TEXT..
WAIT FOR ALL tr[data-event-datetime="2020/12/23 08:00:00"] TO BE FULL OF TEXT..
WAIT FOR ALL tr[data-event-datetime="2020/12/23 08:00:00"] TO BE FULL OF TEXT..
WAIT FOR ALL tr[data-event-datetime="2020/12/23 08:00:00"] TO BE FULL OF TEXT..
WAIT FOR ALL tr[data-event-datetime="2020/12/23 08:00:00"] TO BE FULL OF TEXT..
WAIT FOR ALL tr[data-event-datetime="2020/12/23 08:00:00"] TO BE FULL OF TEXT..
WAIT FOR ALL tr[data-event-datetime="2020/12/23 08:00:00"] TO BE FULL OF TEXT..
Event at 08:00 : All good, try to send 3 events to Telegram
Event at 08:00 : Shutdown Chrome
smile = %F0%9F%94%B5%E2%9A%AA%E2%9A%AA
text to send to Telegram: #Япония $JPY %F0%9F%94%B5%E2%9A%AA%E2%9A%AA
Базовый ИПЦ от Банка Японии (г/г)
*было: 0,0%
стало: -0,1%
*

smile = %F0%9F%94%B5%E2%9A%AA%E2%9A%AA
text to send to Telegram: #Япония $JPY %F0%9F%94%B5%E2%9A%AA%E2%9A%AA
Базовый ИПЦ от Банка Японии (г/г)
*было: 0,0%
стало: -0,1%
*
#Япония $JPY %F0%9F%94%B5%E2%9A%AA%E2%9A%AA
Индикатор совпадения (м/м) (нояб)
*было: 1,4%
стало: 1,0%
*

smile = %F0%9F%94%B5%E2%9A%AA%E2%9A%AA
text to send to Telegram: #Япония $JPY %F0%9F%94%B5%E2%9A%AA%E2%9A%AA
Базовый ИПЦ от Банка Японии (г/г)
*было: 0,0%
стало: -0,1%
*
#Япония $JPY %F0%9F%94%B5%E2%9A%AA%E2%9A%AA
Индикатор совпадения (м/м) (нояб)
*было: 1,4%
стало: 1,0%
*
#Япония $JPY %F0%9F%94%B5%E2%9A%AA%E2%9A%AA
Индекс опережающих экономических индикаторов
*было: 93,8
стало: 94,3
*

https://api.telegram.org/bot1473657414:AAGtn6-sO0pRxUMaK5iF_0-zs8gP3T3W6RE/sendMessage?chat_id=@torodioro&disable_notification=false&parse_mode=MarkdownV2&text=\%2323декабря2020г\%2E%20\%23Япония%20$JPY%20%F0%9F%94%B5%E2%9A%AA%E2%9A%AA%0D%0AБазовый%20ИПЦ%20от%20Банка%20Японии%20\%28г/г\%29%0D%0A*было:%200,0%%0D%0Aстало:%20\%2D0,1%%0D%0A*%0D%0A\%23Япония%20$JPY%20%F0%9F%94%B5%E2%9A%AA%E2%9A%AA%0D%0AИндикатор%20совпадения%20\%28м/м\%29%20\%28нояб\%29%0D%0A*было:%201,4%%0D%0Aстало:%201,0%%0D%0A*%0D%0A\%23Япония%20$JPY%20%F0%9F%94%B5%E2%9A%AA%E2%9A%AA%0D%0AИндекс%20опережающих%20экономических%20индикаторов%0D%0A*было:%2093,8%0D%0Aстало:%2094,3%0D%0A*%0D%0A
https://api.telegram.org/bot1473657414:AAGtn6-sO0pRxUMaK5iF_0-zs8gP3T3W6RE/editMessageText?chat_id=@torodioro&parse_mode=MarkdownV2&message_id=176&text=**%D0%A1%D0%BE%D0%BE%D0%B1%D1%89%D0%B5%D0%BD%D0%B8%D1%8F%20%D0%BF%D0%BE%20%D0%B4%D0%B0%D1%82%D0%B0%D0%BC%3A**%0A%D0%BF%D0%B5%D1%80%D0%B5%D0%B9%D0%B4%D1%8F%20%D0%BF%D0%BE%20%D1%85%D1%8D%D1%88%D1%82%D0%B5%D0%B3%D1%83%20%D0%BC%D0%BE%D0%B6%D0%BD%D0%BE%20%D0%BF%D0%BE%D0%BB%D1%83%D1%87%D0%B8%D1%82%D1%8C%20%D1%81%D0%BF%D0%B8%D1%81%D0%BE%D0%BA%20%D0%B2%D1%81%D0%B5%D1%85%20%D1%81%D0%BE%D0%BE%D0%B1%D1%89%D0%B5%D0%BD%D0%B8%D0%B9%20%D0%BD%D0%B0%20%D0%BE%D0%BF%D1%80%D0%B5%D0%B4%D0%B5%D0%BB%D0%B5%D0%BD%D0%BD%D1%83%D1%8E%20%D0%B4%D0%B0%D1%82%D1%83\%2E%0A%0A\%2312%D0%B4%D0%B5%D0%BA%D0%B0%D0%B1%D1%80%D1%8F2020%D0%B3\%2E%0A\%2314%D0%B4%D0%B5%D0%BA%D0%B0%D0%B1%D1%80%D1%8F2020%D0%B3\%2E%0A\%2315%D0%B4%D0%B5%D0%BA%D0%B0%D0%B1%D1%80%D1%8F2020%D0%B3\%2E%0A\%2316%D0%B4%D0%B5%D0%BA%D0%B0%D0%B1%D1%80%D1%8F2020%D0%B3\%2E%0A\%2317%D0%B4%D0%B5%D0%BA%D0%B0%D0%B1%D1%80%D1%8F2020%D0%B3\%2E%0A\%2318%D0%B4%D0%B5%D0%BA%D0%B0%D0%B1%D1%80%D1%8F2020%D0%B3\%2E%0A\%2319%D0%B4%D0%B5%D0%BA%D0%B0%D0%B1%D1%80%D1%8F2020%D0%B3\%2E%0A\%2321%D0%B4%D0%B5%D0%BA%D0%B0%D0%B1%D1%80%D1%8F2020%D0%B3\%2E%0A\%2322%D0%B4%D0%B5%D0%BA%D0%B0%D0%B1%D1%80%D1%8F2020%D0%B3\%2E%0A\%2323%D0%B4%D0%B5%D0%BA%D0%B0%D0%B1%D1%80%D1%8F2020%D0%B3\%2E%0A%0A\%2E%0A
org.jsoup.HttpStatusException: HTTP error fetching URL. Status=400, URL=https://api.telegram.org/bot1473657414:AAGtn6-sO0pRxUMaK5iF_0-zs8gP3T3W6RE/editMessageText?chat_id=@torodioro&parse_mode=MarkdownV2&message_id=176&text=**%D0%A1%D0%BE%D0%BE%D0%B1%D1%89%D0%B5%D0%BD%D0%B8%D1%8F%20%D0%BF%D0%BE%20%D0%B4%D0%B0%D1%82%D0%B0%D0%BC%3A**%0A%D0%BF%D0%B5%D1%80%D0%B5%D0%B9%D0%B4%D1%8F%20%D0%BF%D0%BE%20%D1%85%D1%8D%D1%88%D1%82%D0%B5%D0%B3%D1%83%20%D0%BC%D0%BE%D0%B6%D0%BD%D0%BE%20%D0%BF%D0%BE%D0%BB%D1%83%D1%87%D0%B8%D1%82%D1%8C%20%D1%81%D0%BF%D0%B8%D1%81%D0%BE%D0%BA%20%D0%B2%D1%81%D0%B5%D1%85%20%D1%81%D0%BE%D0%BE%D0%B1%D1%89%D0%B5%D0%BD%D0%B8%D0%B9%20%D0%BD%D0%B0%20%D0%BE%D0%BF%D1%80%D0%B5%D0%B4%D0%B5%D0%BB%D0%B5%D0%BD%D0%BD%D1%83%D1%8E%20%D0%B4%D0%B0%D1%82%D1%83\%2E%0A%0A\%2312%D0%B4%D0%B5%D0%BA%D0%B0%D0%B1%D1%80%D1%8F2020%D0%B3\%2E%0A\%2314%D0%B4%D0%B5%D0%BA%D0%B0%D0%B1%D1%80%D1%8F2020%D0%B3\%2E%0A\%2315%D0%B4%D0%B5%D0%BA%D0%B0%D0%B1%D1%80%D1%8F2020%D0%B3\%2E%0A\%2316%D0%B4%D0%B5%D0%BA%D0%B0%D0%B1%D1%80%D1%8F2020%D0%B3\%2E%0A\%2317%D0%B4%D0%B5%D0%BA%D0%B0%D0%B1%D1%80%D1%8F2020%D0%B3\%2E%0A\%2318%D0%B4%D0%B5%D0%BA%D0%B0%D0%B1%D1%80%D1%8F2020%D0%B3\%2E%0A\%2319%D0%B4%D0%B5%D0%BA%D0%B0%D0%B1%D1%80%D1%8F2020%D0%B3\%2E%0A\%2321%D0%B4%D0%B5%D0%BA%D0%B0%D0%B1%D1%80%D1%8F2020%D0%B3\%2E%0A\%2322%D0%B4%D0%B5%D0%BA%D0%B0%D0%B1%D1%80%D1%8F2020%D0%B3\%2E%0A\%2323%D0%B4%D0%B5%D0%BA%D0%B0%D0%B1%D1%80%D1%8F2020%D0%B3\%2E%0A%0A\%2E%0A
	at org.jsoup.helper.HttpConnection$Response.execute(HttpConnection.java:762)
	at org.jsoup.helper.HttpConnection$Response.execute(HttpConnection.java:707)
	at org.jsoup.helper.HttpConnection.execute(HttpConnection.java:297)
	at com.ovus.aisekle.telegrambotwork.TBWork.sendRequest(TBWork.java:102)
	at com.ovus.aisekle.telegrambotwork.TBWork.editMessageText(TBWork.java:48)
	at com.ovus.aisekle.telegrambotwork.TBWork.editMessageText(TBWork.java:45)
	at finca.Glossary.Update(Glossary.java:42)
	at finca.BulletinSender.sendBulletin2Telegram(BulletinSender.java:132)
	at finca.Calendaring.eventSender(Calendaring.java:206)
	at finca.Calendaring.lambda$getEvent$0(Calendaring.java:116)
	at org.openqa.selenium.support.ui.FluentWait.until(FluentWait.java:249)
	at finca.Calendaring.getEvent(Calendaring.java:100)
	at finca.Calendaring.call(Calendaring.java:73)
	at finca.Calendaring.call(Calendaring.java:38)
	at java.base/java.util.concurrent.FutureTask.run(FutureTask.java:264)
	at java.base/java.util.concurrent.ThreadPoolExecutor.runWorker(ThreadPoolExecutor.java:1128)
	at java.base/java.util.concurrent.ThreadPoolExecutor$Worker.run(ThreadPoolExecutor.java:628)
	at java.base/java.lang.Thread.run(Thread.java:834)
accumulator.size() >= trl.size() waiting should be finished!
Now is 09:58:22.450349 and I gonna handle events at 10:00
Before "execute Calendaring Thread" let's change event status - 10:00 = true
BEGIN TO HANDLE EVENT AT 10:00 main calendar
Well, event is processing, just wating for 2 min before next event check. New iterration.
ChromeDriever download path = /home/torodioro/AutoUpdater/
Starting ChromeDriver 87.0.4280.88 (89e2380a3e36c3464b5dd1302349b1382549290d-refs/branch-heads/4280@{#1761}) on port 13538
Only local connections are allowed.
Please see https://chromedriver.chromium.org/security-considerations for suggestions on keeping ChromeDriver safe.
ChromeDriver was started successfully.
Event at 10:00 : Wait for 60 min until all cell of waitingList will be with text
WAIT FOR ALL tr[data-event-datetime="2020/12/23 10:00:00"] TO BE FULL OF TEXT..
WAIT FOR ALL tr[data-event-datetime="2020/12/23 10:00:00"] TO BE FULL OF TEXT..
Event at 10:00 : All good, try to send 2 events to Telegram
Event at 10:00 : Shutdown Chrome
smile = %F0%9F%94%B5%E2%9A%AA%E2%9A%AA
text to send to Telegram: #Еврозона $EUR %F0%9F%94%B5%E2%9A%AA%E2%9A%AA
Индекс цен на импорт Германии (м/м) (нояб)
*было: 0,3%
ожидалось: 0,4%
стало: 0,5%
*

smile = %F0%9F%94%B5%E2%9A%AA%E2%9A%AA
text to send to Telegram: #Еврозона $EUR %F0%9F%94%B5%E2%9A%AA%E2%9A%AA
Индекс цен на импорт Германии (м/м) (нояб)
*было: 0,3%
ожидалось: 0,4%
стало: 0,5%
*
#Еврозона $EUR %F0%9F%94%B5%E2%9A%AA%E2%9A%AA
Индекс цен на импорт Германии (г/г) (нояб)
*было: -3,9%
ожидалось: -4,0%
стало: -3,8%
*

https://api.telegram.org/bot1473657414:AAGtn6-sO0pRxUMaK5iF_0-zs8gP3T3W6RE/sendMessage?chat_id=@torodioro&disable_notification=false&parse_mode=MarkdownV2&text=\%2323декабря2020г\%2E%20\%23Еврозона%20$EUR%20%F0%9F%94%B5%E2%9A%AA%E2%9A%AA%0D%0AИндекс%20цен%20на%20импорт%20Германии%20\%28м/м\%29%20\%28нояб\%29%0D%0A*было:%200,3%%0D%0Aожидалось:%200,4%%0D%0Aстало:%200,5%%0D%0A*%0D%0A\%23Еврозона%20$EUR%20%F0%9F%94%B5%E2%9A%AA%E2%9A%AA%0D%0AИндекс%20цен%20на%20импорт%20Германии%20\%28г/г\%29%20\%28нояб\%29%0D%0A*было:%20\%2D3,9%%0D%0Aожидалось:%20\%2D4,0%%0D%0Aстало:%20\%2D3,8%%0D%0A*%0D%0A
https://api.telegram.org/bot1473657414:AAGtn6-sO0pRxUMaK5iF_0-zs8gP3T3W6RE/editMessageText?chat_id=@torodioro&parse_mode=MarkdownV2&message_id=176&text=**%D0%A1%D0%BE%D0%BE%D0%B1%D1%89%D0%B5%D0%BD%D0%B8%D1%8F%20%D0%BF%D0%BE%20%D0%B4%D0%B0%D1%82%D0%B0%D0%BC%3A**%0A%D0%BF%D0%B5%D1%80%D0%B5%D0%B9%D0%B4%D1%8F%20%D0%BF%D0%BE%20%D1%85%D1%8D%D1%88%D1%82%D0%B5%D0%B3%D1%83%20%D0%BC%D0%BE%D0%B6%D0%BD%D0%BE%20%D0%BF%D0%BE%D0%BB%D1%83%D1%87%D0%B8%D1%82%D1%8C%20%D1%81%D0%BF%D0%B8%D1%81%D0%BE%D0%BA%20%D0%B2%D1%81%D0%B5%D1%85%20%D1%81%D0%BE%D0%BE%D0%B1%D1%89%D0%B5%D0%BD%D0%B8%D0%B9%20%D0%BD%D0%B0%20%D0%BE%D0%BF%D1%80%D0%B5%D0%B4%D0%B5%D0%BB%D0%B5%D0%BD%D0%BD%D1%83%D1%8E%20%D0%B4%D0%B0%D1%82%D1%83\%2E%0A%0A\%2312%D0%B4%D0%B5%D0%BA%D0%B0%D0%B1%D1%80%D1%8F2020%D0%B3\%2E%0A\%2314%D0%B4%D0%B5%D0%BA%D0%B0%D0%B1%D1%80%D1%8F2020%D0%B3\%2E%0A\%2315%D0%B4%D0%B5%D0%BA%D0%B0%D0%B1%D1%80%D1%8F2020%D0%B3\%2E%0A\%2316%D0%B4%D0%B5%D0%BA%D0%B0%D0%B1%D1%80%D1%8F2020%D0%B3\%2E%0A\%2317%D0%B4%D0%B5%D0%BA%D0%B0%D0%B1%D1%80%D1%8F2020%D0%B3\%2E%0A\%2318%D0%B4%D0%B5%D0%BA%D0%B0%D0%B1%D1%80%D1%8F2020%D0%B3\%2E%0A\%2319%D0%B4%D0%B5%D0%BA%D0%B0%D0%B1%D1%80%D1%8F2020%D0%B3\%2E%0A\%2321%D0%B4%D0%B5%D0%BA%D0%B0%D0%B1%D1%80%D1%8F2020%D0%B3\%2E%0A\%2322%D0%B4%D0%B5%D0%BA%D0%B0%D0%B1%D1%80%D1%8F2020%D0%B3\%2E%0A\%2323%D0%B4%D0%B5%D0%BA%D0%B0%D0%B1%D1%80%D1%8F2020%D0%B3\%2E%0A%0A\%2E%0A
org.jsoup.HttpStatusException: HTTP error fetching URL. Status=400, URL=https://api.telegram.org/bot1473657414:AAGtn6-sO0pRxUMaK5iF_0-zs8gP3T3W6RE/editMessageText?chat_id=@torodioro&parse_mode=MarkdownV2&message_id=176&text=**%D0%A1%D0%BE%D0%BE%D0%B1%D1%89%D0%B5%D0%BD%D0%B8%D1%8F%20%D0%BF%D0%BE%20%D0%B4%D0%B0%D1%82%D0%B0%D0%BC%3A**%0A%D0%BF%D0%B5%D1%80%D0%B5%D0%B9%D0%B4%D1%8F%20%D0%BF%D0%BE%20%D1%85%D1%8D%D1%88%D1%82%D0%B5%D0%B3%D1%83%20%D0%BC%D0%BE%D0%B6%D0%BD%D0%BE%20%D0%BF%D0%BE%D0%BB%D1%83%D1%87%D0%B8%D1%82%D1%8C%20%D1%81%D0%BF%D0%B8%D1%81%D0%BE%D0%BA%20%D0%B2%D1%81%D0%B5%D1%85%20%D1%81%D0%BE%D0%BE%D0%B1%D1%89%D0%B5%D0%BD%D0%B8%D0%B9%20%D0%BD%D0%B0%20%D0%BE%D0%BF%D1%80%D0%B5%D0%B4%D0%B5%D0%BB%D0%B5%D0%BD%D0%BD%D1%83%D1%8E%20%D0%B4%D0%B0%D1%82%D1%83\%2E%0A%0A\%2312%D0%B4%D0%B5%D0%BA%D0%B0%D0%B1%D1%80%D1%8F2020%D0%B3\%2E%0A\%2314%D0%B4%D0%B5%D0%BA%D0%B0%D0%B1%D1%80%D1%8F2020%D0%B3\%2E%0A\%2315%D0%B4%D0%B5%D0%BA%D0%B0%D0%B1%D1%80%D1%8F2020%D0%B3\%2E%0A\%2316%D0%B4%D0%B5%D0%BA%D0%B0%D0%B1%D1%80%D1%8F2020%D0%B3\%2E%0A\%2317%D0%B4%D0%B5%D0%BA%D0%B0%D0%B1%D1%80%D1%8F2020%D0%B3\%2E%0A\%2318%D0%B4%D0%B5%D0%BA%D0%B0%D0%B1%D1%80%D1%8F2020%D0%B3\%2E%0A\%2319%D0%B4%D0%B5%D0%BA%D0%B0%D0%B1%D1%80%D1%8F2020%D0%B3\%2E%0A\%2321%D0%B4%D0%B5%D0%BA%D0%B0%D0%B1%D1%80%D1%8F2020%D0%B3\%2E%0A\%2322%D0%B4%D0%B5%D0%BA%D0%B0%D0%B1%D1%80%D1%8F2020%D0%B3\%2E%0A\%2323%D0%B4%D0%B5%D0%BA%D0%B0%D0%B1%D1%80%D1%8F2020%D0%B3\%2E%0A%0A\%2E%0A
	at org.jsoup.helper.HttpConnection$Response.execute(HttpConnection.java:762)
	at org.jsoup.helper.HttpConnection$Response.execute(HttpConnection.java:707)
	at org.jsoup.helper.HttpConnection.execute(HttpConnection.java:297)
	at com.ovus.aisekle.telegrambotwork.TBWork.sendRequest(TBWork.java:102)
	at com.ovus.aisekle.telegrambotwork.TBWork.editMessageText(TBWork.java:48)
	at com.ovus.aisekle.telegrambotwork.TBWork.editMessageText(TBWork.java:45)
	at finca.Glossary.Update(Glossary.java:42)
	at finca.BulletinSender.sendBulletin2Telegram(BulletinSender.java:132)
	at finca.Calendaring.eventSender(Calendaring.java:206)
	at finca.Calendaring.lambda$getEvent$0(Calendaring.java:116)
	at org.openqa.selenium.support.ui.FluentWait.until(FluentWait.java:249)
	at finca.Calendaring.getEvent(Calendaring.java:100)
	at finca.Calendaring.call(Calendaring.java:73)
	at finca.Calendaring.call(Calendaring.java:38)
	at java.base/java.util.concurrent.FutureTask.run(FutureTask.java:264)
	at java.base/java.util.concurrent.ThreadPoolExecutor.runWorker(ThreadPoolExecutor.java:1128)
	at java.base/java.util.concurrent.ThreadPoolExecutor$Worker.run(ThreadPoolExecutor.java:628)
	at java.base/java.lang.Thread.run(Thread.java:834)
accumulator.size() >= trl.size() waiting should be finished!
Now is 10:43:23.029040 and I gonna handle events at 10:45
Before "execute Calendaring Thread" let's change event status - 10:45 = true
BEGIN TO HANDLE EVENT AT 10:45 main calendar
Well, event is processing, just wating for 2 min before next event check. New iterration.
ChromeDriever download path = /home/torodioro/AutoUpdater/
Starting ChromeDriver 87.0.4280.88 (89e2380a3e36c3464b5dd1302349b1382549290d-refs/branch-heads/4280@{#1761}) on port 14728
Only local connections are allowed.
Please see https://chromedriver.chromium.org/security-considerations for suggestions on keeping ChromeDriver safe.
ChromeDriver was started successfully.
Event at 10:45 : Wait for 60 min until all cell of waitingList will be with text
WAIT FOR ALL tr[data-event-datetime="2020/12/23 10:45:00"] TO BE FULL OF TEXT..
WAIT FOR ALL tr[data-event-datetime="2020/12/23 10:45:00"] TO BE FULL OF TEXT..
Event at 10:45 : All good, try to send 1 events to Telegram
Event at 10:45 : Shutdown Chrome
smile = %F0%9F%94%B5%E2%9A%AA%E2%9A%AA
text to send to Telegram: #Еврозона $EUR %F0%9F%94%B5%E2%9A%AA%E2%9A%AA
Индекс цен производителей (PPI) Франции (м/м) (нояб)
*было: 0,1%
стало: 1,7%
*

https://api.telegram.org/bot1473657414:AAGtn6-sO0pRxUMaK5iF_0-zs8gP3T3W6RE/sendMessage?chat_id=@torodioro&disable_notification=false&parse_mode=MarkdownV2&text=\%2323декабря2020г\%2E%20\%23Еврозона%20$EUR%20%F0%9F%94%B5%E2%9A%AA%E2%9A%AA%0D%0AИндекс%20цен%20производителей%20\%28PPI\%29%20Франции%20\%28м/м\%29%20\%28нояб\%29%0D%0A*было:%200,1%%0D%0Aстало:%201,7%%0D%0A*%0D%0A
https://api.telegram.org/bot1473657414:AAGtn6-sO0pRxUMaK5iF_0-zs8gP3T3W6RE/editMessageText?chat_id=@torodioro&parse_mode=MarkdownV2&message_id=176&text=**%D0%A1%D0%BE%D0%BE%D0%B1%D1%89%D0%B5%D0%BD%D0%B8%D1%8F%20%D0%BF%D0%BE%20%D0%B4%D0%B0%D1%82%D0%B0%D0%BC%3A**%0A%D0%BF%D0%B5%D1%80%D0%B5%D0%B9%D0%B4%D1%8F%20%D0%BF%D0%BE%20%D1%85%D1%8D%D1%88%D1%82%D0%B5%D0%B3%D1%83%20%D0%BC%D0%BE%D0%B6%D0%BD%D0%BE%20%D0%BF%D0%BE%D0%BB%D1%83%D1%87%D0%B8%D1%82%D1%8C%20%D1%81%D0%BF%D0%B8%D1%81%D0%BE%D0%BA%20%D0%B2%D1%81%D0%B5%D1%85%20%D1%81%D0%BE%D0%BE%D0%B1%D1%89%D0%B5%D0%BD%D0%B8%D0%B9%20%D0%BD%D0%B0%20%D0%BE%D0%BF%D1%80%D0%B5%D0%B4%D0%B5%D0%BB%D0%B5%D0%BD%D0%BD%D1%83%D1%8E%20%D0%B4%D0%B0%D1%82%D1%83\%2E%0A%0A\%2312%D0%B4%D0%B5%D0%BA%D0%B0%D0%B1%D1%80%D1%8F2020%D0%B3\%2E%0A\%2314%D0%B4%D0%B5%D0%BA%D0%B0%D0%B1%D1%80%D1%8F2020%D0%B3\%2E%0A\%2315%D0%B4%D0%B5%D0%BA%D0%B0%D0%B1%D1%80%D1%8F2020%D0%B3\%2E%0A\%2316%D0%B4%D0%B5%D0%BA%D0%B0%D0%B1%D1%80%D1%8F2020%D0%B3\%2E%0A\%2317%D0%B4%D0%B5%D0%BA%D0%B0%D0%B1%D1%80%D1%8F2020%D0%B3\%2E%0A\%2318%D0%B4%D0%B5%D0%BA%D0%B0%D0%B1%D1%80%D1%8F2020%D0%B3\%2E%0A\%2319%D0%B4%D0%B5%D0%BA%D0%B0%D0%B1%D1%80%D1%8F2020%D0%B3\%2E%0A\%2321%D0%B4%D0%B5%D0%BA%D0%B0%D0%B1%D1%80%D1%8F2020%D0%B3\%2E%0A\%2322%D0%B4%D0%B5%D0%BA%D0%B0%D0%B1%D1%80%D1%8F2020%D0%B3\%2E%0A\%2323%D0%B4%D0%B5%D0%BA%D0%B0%D0%B1%D1%80%D1%8F2020%D0%B3\%2E%0A%0A\%2E%0A
org.jsoup.HttpStatusException: HTTP error fetching URL. Status=400, URL=https://api.telegram.org/bot1473657414:AAGtn6-sO0pRxUMaK5iF_0-zs8gP3T3W6RE/editMessageText?chat_id=@torodioro&parse_mode=MarkdownV2&message_id=176&text=**%D0%A1%D0%BE%D0%BE%D0%B1%D1%89%D0%B5%D0%BD%D0%B8%D1%8F%20%D0%BF%D0%BE%20%D0%B4%D0%B0%D1%82%D0%B0%D0%BC%3A**%0A%D0%BF%D0%B5%D1%80%D0%B5%D0%B9%D0%B4%D1%8F%20%D0%BF%D0%BE%20%D1%85%D1%8D%D1%88%D1%82%D0%B5%D0%B3%D1%83%20%D0%BC%D0%BE%D0%B6%D0%BD%D0%BE%20%D0%BF%D0%BE%D0%BB%D1%83%D1%87%D0%B8%D1%82%D1%8C%20%D1%81%D0%BF%D0%B8%D1%81%D0%BE%D0%BA%20%D0%B2%D1%81%D0%B5%D1%85%20%D1%81%D0%BE%D0%BE%D0%B1%D1%89%D0%B5%D0%BD%D0%B8%D0%B9%20%D0%BD%D0%B0%20%D0%BE%D0%BF%D1%80%D0%B5%D0%B4%D0%B5%D0%BB%D0%B5%D0%BD%D0%BD%D1%83%D1%8E%20%D0%B4%D0%B0%D1%82%D1%83\%2E%0A%0A\%2312%D0%B4%D0%B5%D0%BA%D0%B0%D0%B1%D1%80%D1%8F2020%D0%B3\%2E%0A\%2314%D0%B4%D0%B5%D0%BA%D0%B0%D0%B1%D1%80%D1%8F2020%D0%B3\%2E%0A\%2315%D0%B4%D0%B5%D0%BA%D0%B0%D0%B1%D1%80%D1%8F2020%D0%B3\%2E%0A\%2316%D0%B4%D0%B5%D0%BA%D0%B0%D0%B1%D1%80%D1%8F2020%D0%B3\%2E%0A\%2317%D0%B4%D0%B5%D0%BA%D0%B0%D0%B1%D1%80%D1%8F2020%D0%B3\%2E%0A\%2318%D0%B4%D0%B5%D0%BA%D0%B0%D0%B1%D1%80%D1%8F2020%D0%B3\%2E%0A\%2319%D0%B4%D0%B5%D0%BA%D0%B0%D0%B1%D1%80%D1%8F2020%D0%B3\%2E%0A\%2321%D0%B4%D0%B5%D0%BA%D0%B0%D0%B1%D1%80%D1%8F2020%D0%B3\%2E%0A\%2322%D0%B4%D0%B5%D0%BA%D0%B0%D0%B1%D1%80%D1%8F2020%D0%B3\%2E%0A\%2323%D0%B4%D0%B5%D0%BA%D0%B0%D0%B1%D1%80%D1%8F2020%D0%B3\%2E%0A%0A\%2E%0A
	at org.jsoup.helper.HttpConnection$Response.execute(HttpConnection.java:762)
	at org.jsoup.helper.HttpConnection$Response.execute(HttpConnection.java:707)
	at org.jsoup.helper.HttpConnection.execute(HttpConnection.java:297)
	at com.ovus.aisekle.telegrambotwork.TBWork.sendRequest(TBWork.java:102)
	at com.ovus.aisekle.telegrambotwork.TBWork.editMessageText(TBWork.java:48)
	at com.ovus.aisekle.telegrambotwork.TBWork.editMessageText(TBWork.java:45)
	at finca.Glossary.Update(Glossary.java:42)
	at finca.BulletinSender.sendBulletin2Telegram(BulletinSender.java:132)
	at finca.Calendaring.eventSender(Calendaring.java:206)
	at finca.Calendaring.lambda$getEvent$0(Calendaring.java:116)
	at org.openqa.selenium.support.ui.FluentWait.until(FluentWait.java:249)
	at finca.Calendaring.getEvent(Calendaring.java:100)
	at finca.Calendaring.call(Calendaring.java:73)
	at finca.Calendaring.call(Calendaring.java:38)
	at java.base/java.util.concurrent.FutureTask.run(FutureTask.java:264)
	at java.base/java.util.concurrent.ThreadPoolExecutor.runWorker(ThreadPoolExecutor.java:1128)
	at java.base/java.util.concurrent.ThreadPoolExecutor$Worker.run(ThreadPoolExecutor.java:628)
	at java.base/java.lang.Thread.run(Thread.java:834)
accumulator.size() >= trl.size() waiting should be finished!
Now is 10:58:23.530576 and I gonna handle events at 11:00
Before "execute Calendaring Thread" let's change event status - 11:00 = true
BEGIN TO HANDLE EVENT AT 11:00 main calendar
Well, event is processing, just wating for 2 min before next event check. New iterration.
ChromeDriever download path = /home/torodioro/AutoUpdater/
Starting ChromeDriver 87.0.4280.88 (89e2380a3e36c3464b5dd1302349b1382549290d-refs/branch-heads/4280@{#1761}) on port 6544
Only local connections are allowed.
Please see https://chromedriver.chromium.org/security-considerations for suggestions on keeping ChromeDriver safe.
ChromeDriver was started successfully.
Event at 11:00 : Wait for 60 min until all cell of waitingList will be with text
WAIT FOR ALL tr[data-event-datetime="2020/12/23 11:00:00"] TO BE FULL OF TEXT..
WAIT FOR ALL tr[data-event-datetime="2020/12/23 11:00:00"] TO BE FULL OF TEXT..
Event at 11:00 : All good, try to send 2 events to Telegram
Event at 11:00 : Shutdown Chrome
smile = %F0%9F%94%B5%E2%9A%AA%E2%9A%AA
text to send to Telegram: #Еврозона $EUR %F0%9F%94%B5%E2%9A%AA%E2%9A%AA
ВВП Испании (г/г) (3 кв.)
*было: -21,6%
ожидалось: -8,7%
стало: -9,0%
*

smile = %F0%9F%94%B5%F0%9F%94%B5%E2%9A%AA
text to send to Telegram: #Еврозона $EUR %F0%9F%94%B5%E2%9A%AA%E2%9A%AA
ВВП Испании (г/г) (3 кв.)
*было: -21,6%
ожидалось: -8,7%
стало: -9,0%
*
#Еврозона $EUR %F0%9F%94%B5%F0%9F%94%B5%E2%9A%AA
ВВП Испании (кв/кв) (3 кв.)
*было: -17,9%
ожидалось: 16,7%
стало: 16,4%
*

https://api.telegram.org/bot1473657414:AAGtn6-sO0pRxUMaK5iF_0-zs8gP3T3W6RE/sendMessage?chat_id=@torodioro&disable_notification=false&parse_mode=MarkdownV2&text=\%2323декабря2020г\%2E%20\%23Еврозона%20$EUR%20%F0%9F%94%B5%E2%9A%AA%E2%9A%AA%0D%0AВВП%20Испании%20\%28г/г\%29%20\%283%20кв\%2E\%29%0D%0A*было:%20\%2D21,6%%0D%0Aожидалось:%20\%2D8,7%%0D%0Aстало:%20\%2D9,0%%0D%0A*%0D%0A\%23Еврозона%20$EUR%20%F0%9F%94%B5%F0%9F%94%B5%E2%9A%AA%0D%0AВВП%20Испании%20\%28кв/кв\%29%20\%283%20кв\%2E\%29%0D%0A*было:%20\%2D17,9%%0D%0Aожидалось:%2016,7%%0D%0Aстало:%2016,4%%0D%0A*%0D%0A
https://api.telegram.org/bot1473657414:AAGtn6-sO0pRxUMaK5iF_0-zs8gP3T3W6RE/editMessageText?chat_id=@torodioro&parse_mode=MarkdownV2&message_id=176&text=**%D0%A1%D0%BE%D0%BE%D0%B1%D1%89%D0%B5%D0%BD%D0%B8%D1%8F%20%D0%BF%D0%BE%20%D0%B4%D0%B0%D1%82%D0%B0%D0%BC%3A**%0A%D0%BF%D0%B5%D1%80%D0%B5%D0%B9%D0%B4%D1%8F%20%D0%BF%D0%BE%20%D1%85%D1%8D%D1%88%D1%82%D0%B5%D0%B3%D1%83%20%D0%BC%D0%BE%D0%B6%D0%BD%D0%BE%20%D0%BF%D0%BE%D0%BB%D1%83%D1%87%D0%B8%D1%82%D1%8C%20%D1%81%D0%BF%D0%B8%D1%81%D0%BE%D0%BA%20%D0%B2%D1%81%D0%B5%D1%85%20%D1%81%D0%BE%D0%BE%D0%B1%D1%89%D0%B5%D0%BD%D0%B8%D0%B9%20%D0%BD%D0%B0%20%D0%BE%D0%BF%D1%80%D0%B5%D0%B4%D0%B5%D0%BB%D0%B5%D0%BD%D0%BD%D1%83%D1%8E%20%D0%B4%D0%B0%D1%82%D1%83\%2E%0A%0A\%2312%D0%B4%D0%B5%D0%BA%D0%B0%D0%B1%D1%80%D1%8F2020%D0%B3\%2E%0A\%2314%D0%B4%D0%B5%D0%BA%D0%B0%D0%B1%D1%80%D1%8F2020%D0%B3\%2E%0A\%2315%D0%B4%D0%B5%D0%BA%D0%B0%D0%B1%D1%80%D1%8F2020%D0%B3\%2E%0A\%2316%D0%B4%D0%B5%D0%BA%D0%B0%D0%B1%D1%80%D1%8F2020%D0%B3\%2E%0A\%2317%D0%B4%D0%B5%D0%BA%D0%B0%D0%B1%D1%80%D1%8F2020%D0%B3\%2E%0A\%2318%D0%B4%D0%B5%D0%BA%D0%B0%D0%B1%D1%80%D1%8F2020%D0%B3\%2E%0A\%2319%D0%B4%D0%B5%D0%BA%D0%B0%D0%B1%D1%80%D1%8F2020%D0%B3\%2E%0A\%2321%D0%B4%D0%B5%D0%BA%D0%B0%D0%B1%D1%80%D1%8F2020%D0%B3\%2E%0A\%2322%D0%B4%D0%B5%D0%BA%D0%B0%D0%B1%D1%80%D1%8F2020%D0%B3\%2E%0A\%2323%D0%B4%D0%B5%D0%BA%D0%B0%D0%B1%D1%80%D1%8F2020%D0%B3\%2E%0A%0A\%2E%0A
org.jsoup.HttpStatusException: HTTP error fetching URL. Status=400, URL=https://api.telegram.org/bot1473657414:AAGtn6-sO0pRxUMaK5iF_0-zs8gP3T3W6RE/editMessageText?chat_id=@torodioro&parse_mode=MarkdownV2&message_id=176&text=**%D0%A1%D0%BE%D0%BE%D0%B1%D1%89%D0%B5%D0%BD%D0%B8%D1%8F%20%D0%BF%D0%BE%20%D0%B4%D0%B0%D1%82%D0%B0%D0%BC%3A**%0A%D0%BF%D0%B5%D1%80%D0%B5%D0%B9%D0%B4%D1%8F%20%D0%BF%D0%BE%20%D1%85%D1%8D%D1%88%D1%82%D0%B5%D0%B3%D1%83%20%D0%BC%D0%BE%D0%B6%D0%BD%D0%BE%20%D0%BF%D0%BE%D0%BB%D1%83%D1%87%D0%B8%D1%82%D1%8C%20%D1%81%D0%BF%D0%B8%D1%81%D0%BE%D0%BA%20%D0%B2%D1%81%D0%B5%D1%85%20%D1%81%D0%BE%D0%BE%D0%B1%D1%89%D0%B5%D0%BD%D0%B8%D0%B9%20%D0%BD%D0%B0%20%D0%BE%D0%BF%D1%80%D0%B5%D0%B4%D0%B5%D0%BB%D0%B5%D0%BD%D0%BD%D1%83%D1%8E%20%D0%B4%D0%B0%D1%82%D1%83\%2E%0A%0A\%2312%D0%B4%D0%B5%D0%BA%D0%B0%D0%B1%D1%80%D1%8F2020%D0%B3\%2E%0A\%2314%D0%B4%D0%B5%D0%BA%D0%B0%D0%B1%D1%80%D1%8F2020%D0%B3\%2E%0A\%2315%D0%B4%D0%B5%D0%BA%D0%B0%D0%B1%D1%80%D1%8F2020%D0%B3\%2E%0A\%2316%D0%B4%D0%B5%D0%BA%D0%B0%D0%B1%D1%80%D1%8F2020%D0%B3\%2E%0A\%2317%D0%B4%D0%B5%D0%BA%D0%B0%D0%B1%D1%80%D1%8F2020%D0%B3\%2E%0A\%2318%D0%B4%D0%B5%D0%BA%D0%B0%D0%B1%D1%80%D1%8F2020%D0%B3\%2E%0A\%2319%D0%B4%D0%B5%D0%BA%D0%B0%D0%B1%D1%80%D1%8F2020%D0%B3\%2E%0A\%2321%D0%B4%D0%B5%D0%BA%D0%B0%D0%B1%D1%80%D1%8F2020%D0%B3\%2E%0A\%2322%D0%B4%D0%B5%D0%BA%D0%B0%D0%B1%D1%80%D1%8F2020%D0%B3\%2E%0A\%2323%D0%B4%D0%B5%D0%BA%D0%B0%D0%B1%D1%80%D1%8F2020%D0%B3\%2E%0A%0A\%2E%0A
	at org.jsoup.helper.HttpConnection$Response.execute(HttpConnection.java:762)
	at org.jsoup.helper.HttpConnection$Response.execute(HttpConnection.java:707)
	at org.jsoup.helper.HttpConnection.execute(HttpConnection.java:297)
	at com.ovus.aisekle.telegrambotwork.TBWork.sendRequest(TBWork.java:102)
	at com.ovus.aisekle.telegrambotwork.TBWork.editMessageText(TBWork.java:48)
	at com.ovus.aisekle.telegrambotwork.TBWork.editMessageText(TBWork.java:45)
	at finca.Glossary.Update(Glossary.java:42)
	at finca.BulletinSender.sendBulletin2Telegram(BulletinSender.java:132)
	at finca.Calendaring.eventSender(Calendaring.java:206)
	at finca.Calendaring.lambda$getEvent$0(Calendaring.java:116)
	at org.openqa.selenium.support.ui.FluentWait.until(FluentWait.java:249)
	at finca.Calendaring.getEvent(Calendaring.java:100)
	at finca.Calendaring.call(Calendaring.java:73)
	at finca.Calendaring.call(Calendaring.java:38)
	at java.base/java.util.concurrent.FutureTask.run(FutureTask.java:264)
	at java.base/java.util.concurrent.ThreadPoolExecutor.runWorker(ThreadPoolExecutor.java:1128)
	at java.base/java.util.concurrent.ThreadPoolExecutor$Worker.run(ThreadPoolExecutor.java:628)
	at java.base/java.lang.Thread.run(Thread.java:834)
WAIT FOR ALL tr[data-event-datetime="2020/12/23 11:00:00"] TO BE FULL OF TEXT..
WAIT FOR ALL tr[data-event-datetime="2020/12/23 11:00:00"] TO BE FULL OF TEXT..
Event at 11:00 : All good, try to send 1 events to Telegram
Event at 11:00 : Shutdown Chrome
smile = %F0%9F%94%B5%E2%9A%AA%E2%9A%AA
text to send to Telegram: #Еврозона $EUR %F0%9F%94%B5%E2%9A%AA%E2%9A%AA
Индекс закупочных цен производителей Испании (г/г)
*было: -4,1%
стало: -2,8%
*

https://api.telegram.org/bot1473657414:AAGtn6-sO0pRxUMaK5iF_0-zs8gP3T3W6RE/sendMessage?chat_id=@torodioro&disable_notification=false&parse_mode=MarkdownV2&text=\%2323декабря2020г\%2E%20\%23Еврозона%20$EUR%20%F0%9F%94%B5%E2%9A%AA%E2%9A%AA%0D%0AИндекс%20закупочных%20цен%20производителей%20Испании%20\%28г/г\%29%0D%0A*было:%20\%2D4,1%%0D%0Aстало:%20\%2D2,8%%0D%0A*%0D%0A
https://api.telegram.org/bot1473657414:AAGtn6-sO0pRxUMaK5iF_0-zs8gP3T3W6RE/editMessageText?chat_id=@torodioro&parse_mode=MarkdownV2&message_id=176&text=**%D0%A1%D0%BE%D0%BE%D0%B1%D1%89%D0%B5%D0%BD%D0%B8%D1%8F%20%D0%BF%D0%BE%20%D0%B4%D0%B0%D1%82%D0%B0%D0%BC%3A**%0A%D0%BF%D0%B5%D1%80%D0%B5%D0%B9%D0%B4%D1%8F%20%D0%BF%D0%BE%20%D1%85%D1%8D%D1%88%D1%82%D0%B5%D0%B3%D1%83%20%D0%BC%D0%BE%D0%B6%D0%BD%D0%BE%20%D0%BF%D0%BE%D0%BB%D1%83%D1%87%D0%B8%D1%82%D1%8C%20%D1%81%D0%BF%D0%B8%D1%81%D0%BE%D0%BA%20%D0%B2%D1%81%D0%B5%D1%85%20%D1%81%D0%BE%D0%BE%D0%B1%D1%89%D0%B5%D0%BD%D0%B8%D0%B9%20%D0%BD%D0%B0%20%D0%BE%D0%BF%D1%80%D0%B5%D0%B4%D0%B5%D0%BB%D0%B5%D0%BD%D0%BD%D1%83%D1%8E%20%D0%B4%D0%B0%D1%82%D1%83\%2E%0A%0A\%2312%D0%B4%D0%B5%D0%BA%D0%B0%D0%B1%D1%80%D1%8F2020%D0%B3\%2E%0A\%2314%D0%B4%D0%B5%D0%BA%D0%B0%D0%B1%D1%80%D1%8F2020%D0%B3\%2E%0A\%2315%D0%B4%D0%B5%D0%BA%D0%B0%D0%B1%D1%80%D1%8F2020%D0%B3\%2E%0A\%2316%D0%B4%D0%B5%D0%BA%D0%B0%D0%B1%D1%80%D1%8F2020%D0%B3\%2E%0A\%2317%D0%B4%D0%B5%D0%BA%D0%B0%D0%B1%D1%80%D1%8F2020%D0%B3\%2E%0A\%2318%D0%B4%D0%B5%D0%BA%D0%B0%D0%B1%D1%80%D1%8F2020%D0%B3\%2E%0A\%2319%D0%B4%D0%B5%D0%BA%D0%B0%D0%B1%D1%80%D1%8F2020%D0%B3\%2E%0A\%2321%D0%B4%D0%B5%D0%BA%D0%B0%D0%B1%D1%80%D1%8F2020%D0%B3\%2E%0A\%2322%D0%B4%D0%B5%D0%BA%D0%B0%D0%B1%D1%80%D1%8F2020%D0%B3\%2E%0A\%2323%D0%B4%D0%B5%D0%BA%D0%B0%D0%B1%D1%80%D1%8F2020%D0%B3\%2E%0A%0A\%2E%0A
org.jsoup.HttpStatusException: HTTP error fetching URL. Status=400, URL=https://api.telegram.org/bot1473657414:AAGtn6-sO0pRxUMaK5iF_0-zs8gP3T3W6RE/editMessageText?chat_id=@torodioro&parse_mode=MarkdownV2&message_id=176&text=**%D0%A1%D0%BE%D0%BE%D0%B1%D1%89%D0%B5%D0%BD%D0%B8%D1%8F%20%D0%BF%D0%BE%20%D0%B4%D0%B0%D1%82%D0%B0%D0%BC%3A**%0A%D0%BF%D0%B5%D1%80%D0%B5%D0%B9%D0%B4%D1%8F%20%D0%BF%D0%BE%20%D1%85%D1%8D%D1%88%D1%82%D0%B5%D0%B3%D1%83%20%D0%BC%D0%BE%D0%B6%D0%BD%D0%BE%20%D0%BF%D0%BE%D0%BB%D1%83%D1%87%D0%B8%D1%82%D1%8C%20%D1%81%D0%BF%D0%B8%D1%81%D0%BE%D0%BA%20%D0%B2%D1%81%D0%B5%D1%85%20%D1%81%D0%BE%D0%BE%D0%B1%D1%89%D0%B5%D0%BD%D0%B8%D0%B9%20%D0%BD%D0%B0%20%D0%BE%D0%BF%D1%80%D0%B5%D0%B4%D0%B5%D0%BB%D0%B5%D0%BD%D0%BD%D1%83%D1%8E%20%D0%B4%D0%B0%D1%82%D1%83\%2E%0A%0A\%2312%D0%B4%D0%B5%D0%BA%D0%B0%D0%B1%D1%80%D1%8F2020%D0%B3\%2E%0A\%2314%D0%B4%D0%B5%D0%BA%D0%B0%D0%B1%D1%80%D1%8F2020%D0%B3\%2E%0A\%2315%D0%B4%D0%B5%D0%BA%D0%B0%D0%B1%D1%80%D1%8F2020%D0%B3\%2E%0A\%2316%D0%B4%D0%B5%D0%BA%D0%B0%D0%B1%D1%80%D1%8F2020%D0%B3\%2E%0A\%2317%D0%B4%D0%B5%D0%BA%D0%B0%D0%B1%D1%80%D1%8F2020%D0%B3\%2E%0A\%2318%D0%B4%D0%B5%D0%BA%D0%B0%D0%B1%D1%80%D1%8F2020%D0%B3\%2E%0A\%2319%D0%B4%D0%B5%D0%BA%D0%B0%D0%B1%D1%80%D1%8F2020%D0%B3\%2E%0A\%2321%D0%B4%D0%B5%D0%BA%D0%B0%D0%B1%D1%80%D1%8F2020%D0%B3\%2E%0A\%2322%D0%B4%D0%B5%D0%BA%D0%B0%D0%B1%D1%80%D1%8F2020%D0%B3\%2E%0A\%2323%D0%B4%D0%B5%D0%BA%D0%B0%D0%B1%D1%80%D1%8F2020%D0%B3\%2E%0A%0A\%2E%0A
	at org.jsoup.helper.HttpConnection$Response.execute(HttpConnection.java:762)
	at org.jsoup.helper.HttpConnection$Response.execute(HttpConnection.java:707)
	at org.jsoup.helper.HttpConnection.execute(HttpConnection.java:297)
	at com.ovus.aisekle.telegrambotwork.TBWork.sendRequest(TBWork.java:102)
	at com.ovus.aisekle.telegrambotwork.TBWork.editMessageText(TBWork.java:48)
	at com.ovus.aisekle.telegrambotwork.TBWork.editMessageText(TBWork.java:45)
	at finca.Glossary.Update(Glossary.java:42)
	at finca.BulletinSender.sendBulletin2Telegram(BulletinSender.java:132)
	at finca.Calendaring.eventSender(Calendaring.java:206)
	at finca.Calendaring.lambda$getEvent$0(Calendaring.java:116)
	at org.openqa.selenium.support.ui.FluentWait.until(FluentWait.java:249)
	at finca.Calendaring.getEvent(Calendaring.java:100)
	at finca.Calendaring.call(Calendaring.java:73)
	at finca.Calendaring.call(Calendaring.java:38)
	at java.base/java.util.concurrent.FutureTask.run(FutureTask.java:264)
	at java.base/java.util.concurrent.ThreadPoolExecutor.runWorker(ThreadPoolExecutor.java:1128)
	at java.base/java.util.concurrent.ThreadPoolExecutor$Worker.run(ThreadPoolExecutor.java:628)
	at java.base/java.lang.Thread.run(Thread.java:834)
accumulator.size() >= trl.size() waiting should be finished!
Now is 11:58:25.082176 and I gonna handle events at 12:00
Before "execute Calendaring Thread" let's change event status - 12:00 = true
BEGIN TO HANDLE EVENT AT 12:00 main calendar
Well, event is processing, just wating for 2 min before next event check. New iterration.
ChromeDriever download path = /home/torodioro/AutoUpdater/
Starting ChromeDriver 87.0.4280.88 (89e2380a3e36c3464b5dd1302349b1382549290d-refs/branch-heads/4280@{#1761}) on port 27941
Only local connections are allowed.
Please see https://chromedriver.chromium.org/security-considerations for suggestions on keeping ChromeDriver safe.
ChromeDriver was started successfully.
Event at 12:00 : Wait for 60 min until all cell of waitingList will be with text
WAIT FOR ALL tr[data-event-datetime="2020/12/23 12:00:00"] TO BE FULL OF TEXT..
WAIT FOR ALL tr[data-event-datetime="2020/12/23 12:00:00"] TO BE FULL OF TEXT..
Event at 12:00 : All good, try to send 2 events to Telegram
Event at 12:00 : Shutdown Chrome
smile = %F0%9F%94%B5%E2%9A%AA%E2%9A%AA
text to send to Telegram: #Еврозона $EUR %F0%9F%94%B5%E2%9A%AA%E2%9A%AA
Индекс делового доверия в Италии (дек)
*было: 90,9
ожидалось: 90,5
стало: 95,9
*

smile = %F0%9F%94%B5%E2%9A%AA%E2%9A%AA
text to send to Telegram: #Еврозона $EUR %F0%9F%94%B5%E2%9A%AA%E2%9A%AA
Индекс делового доверия в Италии (дек)
*было: 90,9
ожидалось: 90,5
стало: 95,9
*
#Еврозона $EUR %F0%9F%94%B5%E2%9A%AA%E2%9A%AA
Индекс доверия потребителей в Италии (дек)
*было: 98,4
ожидалось: 98,5
стало: 102,4
*

https://api.telegram.org/bot1473657414:AAGtn6-sO0pRxUMaK5iF_0-zs8gP3T3W6RE/sendMessage?chat_id=@torodioro&disable_notification=false&parse_mode=MarkdownV2&text=\%2323декабря2020г\%2E%20\%23Еврозона%20$EUR%20%F0%9F%94%B5%E2%9A%AA%E2%9A%AA%0D%0AИндекс%20делового%20доверия%20в%20Италии%20\%28дек\%29%0D%0A*было:%2090,9%0D%0Aожидалось:%2090,5%0D%0Aстало:%2095,9%0D%0A*%0D%0A\%23Еврозона%20$EUR%20%F0%9F%94%B5%E2%9A%AA%E2%9A%AA%0D%0AИндекс%20доверия%20потребителей%20в%20Италии%20\%28дек\%29%0D%0A*было:%2098,4%0D%0Aожидалось:%2098,5%0D%0Aстало:%20102,4%0D%0A*%0D%0A
https://api.telegram.org/bot1473657414:AAGtn6-sO0pRxUMaK5iF_0-zs8gP3T3W6RE/editMessageText?chat_id=@torodioro&parse_mode=MarkdownV2&message_id=176&text=**%D0%A1%D0%BE%D0%BE%D0%B1%D1%89%D0%B5%D0%BD%D0%B8%D1%8F%20%D0%BF%D0%BE%20%D0%B4%D0%B0%D1%82%D0%B0%D0%BC%3A**%0A%D0%BF%D0%B5%D1%80%D0%B5%D0%B9%D0%B4%D1%8F%20%D0%BF%D0%BE%20%D1%85%D1%8D%D1%88%D1%82%D0%B5%D0%B3%D1%83%20%D0%BC%D0%BE%D0%B6%D0%BD%D0%BE%20%D0%BF%D0%BE%D0%BB%D1%83%D1%87%D0%B8%D1%82%D1%8C%20%D1%81%D0%BF%D0%B8%D1%81%D0%BE%D0%BA%20%D0%B2%D1%81%D0%B5%D1%85%20%D1%81%D0%BE%D0%BE%D0%B1%D1%89%D0%B5%D0%BD%D0%B8%D0%B9%20%D0%BD%D0%B0%20%D0%BE%D0%BF%D1%80%D0%B5%D0%B4%D0%B5%D0%BB%D0%B5%D0%BD%D0%BD%D1%83%D1%8E%20%D0%B4%D0%B0%D1%82%D1%83\%2E%0A%0A\%2312%D0%B4%D0%B5%D0%BA%D0%B0%D0%B1%D1%80%D1%8F2020%D0%B3\%2E%0A\%2314%D0%B4%D0%B5%D0%BA%D0%B0%D0%B1%D1%80%D1%8F2020%D0%B3\%2E%0A\%2315%D0%B4%D0%B5%D0%BA%D0%B0%D0%B1%D1%80%D1%8F2020%D0%B3\%2E%0A\%2316%D0%B4%D0%B5%D0%BA%D0%B0%D0%B1%D1%80%D1%8F2020%D0%B3\%2E%0A\%2317%D0%B4%D0%B5%D0%BA%D0%B0%D0%B1%D1%80%D1%8F2020%D0%B3\%2E%0A\%2318%D0%B4%D0%B5%D0%BA%D0%B0%D0%B1%D1%80%D1%8F2020%D0%B3\%2E%0A\%2319%D0%B4%D0%B5%D0%BA%D0%B0%D0%B1%D1%80%D1%8F2020%D0%B3\%2E%0A\%2321%D0%B4%D0%B5%D0%BA%D0%B0%D0%B1%D1%80%D1%8F2020%D0%B3\%2E%0A\%2322%D0%B4%D0%B5%D0%BA%D0%B0%D0%B1%D1%80%D1%8F2020%D0%B3\%2E%0A\%2323%D0%B4%D0%B5%D0%BA%D0%B0%D0%B1%D1%80%D1%8F2020%D0%B3\%2E%0A%0A\%2E%0A
org.jsoup.HttpStatusException: HTTP error fetching URL. Status=400, URL=https://api.telegram.org/bot1473657414:AAGtn6-sO0pRxUMaK5iF_0-zs8gP3T3W6RE/editMessageText?chat_id=@torodioro&parse_mode=MarkdownV2&message_id=176&text=**%D0%A1%D0%BE%D0%BE%D0%B1%D1%89%D0%B5%D0%BD%D0%B8%D1%8F%20%D0%BF%D0%BE%20%D0%B4%D0%B0%D1%82%D0%B0%D0%BC%3A**%0A%D0%BF%D0%B5%D1%80%D0%B5%D0%B9%D0%B4%D1%8F%20%D0%BF%D0%BE%20%D1%85%D1%8D%D1%88%D1%82%D0%B5%D0%B3%D1%83%20%D0%BC%D0%BE%D0%B6%D0%BD%D0%BE%20%D0%BF%D0%BE%D0%BB%D1%83%D1%87%D0%B8%D1%82%D1%8C%20%D1%81%D0%BF%D0%B8%D1%81%D0%BE%D0%BA%20%D0%B2%D1%81%D0%B5%D1%85%20%D1%81%D0%BE%D0%BE%D0%B1%D1%89%D0%B5%D0%BD%D0%B8%D0%B9%20%D0%BD%D0%B0%20%D0%BE%D0%BF%D1%80%D0%B5%D0%B4%D0%B5%D0%BB%D0%B5%D0%BD%D0%BD%D1%83%D1%8E%20%D0%B4%D0%B0%D1%82%D1%83\%2E%0A%0A\%2312%D0%B4%D0%B5%D0%BA%D0%B0%D0%B1%D1%80%D1%8F2020%D0%B3\%2E%0A\%2314%D0%B4%D0%B5%D0%BA%D0%B0%D0%B1%D1%80%D1%8F2020%D0%B3\%2E%0A\%2315%D0%B4%D0%B5%D0%BA%D0%B0%D0%B1%D1%80%D1%8F2020%D0%B3\%2E%0A\%2316%D0%B4%D0%B5%D0%BA%D0%B0%D0%B1%D1%80%D1%8F2020%D0%B3\%2E%0A\%2317%D0%B4%D0%B5%D0%BA%D0%B0%D0%B1%D1%80%D1%8F2020%D0%B3\%2E%0A\%2318%D0%B4%D0%B5%D0%BA%D0%B0%D0%B1%D1%80%D1%8F2020%D0%B3\%2E%0A\%2319%D0%B4%D0%B5%D0%BA%D0%B0%D0%B1%D1%80%D1%8F2020%D0%B3\%2E%0A\%2321%D0%B4%D0%B5%D0%BA%D0%B0%D0%B1%D1%80%D1%8F2020%D0%B3\%2E%0A\%2322%D0%B4%D0%B5%D0%BA%D0%B0%D0%B1%D1%80%D1%8F2020%D0%B3\%2E%0A\%2323%D0%B4%D0%B5%D0%BA%D0%B0%D0%B1%D1%80%D1%8F2020%D0%B3\%2E%0A%0A\%2E%0A
	at org.jsoup.helper.HttpConnection$Response.execute(HttpConnection.java:762)
	at org.jsoup.helper.HttpConnection$Response.execute(HttpConnection.java:707)
	at org.jsoup.helper.HttpConnection.execute(HttpConnection.java:297)
	at com.ovus.aisekle.telegrambotwork.TBWork.sendRequest(TBWork.java:102)
	at com.ovus.aisekle.telegrambotwork.TBWork.editMessageText(TBWork.java:48)
	at com.ovus.aisekle.telegrambotwork.TBWork.editMessageText(TBWork.java:45)
	at finca.Glossary.Update(Glossary.java:42)
	at finca.BulletinSender.sendBulletin2Telegram(BulletinSender.java:132)
	at finca.Calendaring.eventSender(Calendaring.java:206)
	at finca.Calendaring.lambda$getEvent$0(Calendaring.java:116)
	at org.openqa.selenium.support.ui.FluentWait.until(FluentWait.java:249)
	at finca.Calendaring.getEvent(Calendaring.java:100)
	at finca.Calendaring.call(Calendaring.java:73)
	at finca.Calendaring.call(Calendaring.java:38)
	at java.base/java.util.concurrent.FutureTask.run(FutureTask.java:264)
	at java.base/java.util.concurrent.ThreadPoolExecutor.runWorker(ThreadPoolExecutor.java:1128)
	at java.base/java.util.concurrent.ThreadPoolExecutor$Worker.run(ThreadPoolExecutor.java:628)
	at java.base/java.lang.Thread.run(Thread.java:834)
https://api.telegram.org/bot1473657414:AAGtn6-sO0pRxUMaK5iF_0-zs8gP3T3W6RE/sendMessage?chat_id=@Mustacheff&disable_notification=false&parse_mode=MarkdownV2&text=\%2323декабря2020г\%2E%20\%23Еврозона%20$EUR%20%F0%9F%94%B5%E2%9A%AA%E2%9A%AA%0D%0AИндекс%20делового%20доверия%20в%20Италии%20\%28дек\%29%0D%0A*было:%2090,9%0D%0Aожидалось:%2090,5%0D%0Aстало:%2095,9%0D%0A*%0D%0A\%23Еврозона%20$EUR%20%F0%9F%94%B5%E2%9A%AA%E2%9A%AA%0D%0AИндекс%20доверия%20потребителей%20в%20Италии%20\%28дек\%29%0D%0A*было:%2098,4%0D%0Aожидалось:%2098,5%0D%0Aстало:%20102,4%0D%0A*%0D%0A
accumulator.size() >= trl.size() waiting should be finished!
Now is 14:58:27.578003 and I gonna handle events at 15:00
Before "execute Calendaring Thread" let's change event status - 15:00 = true
BEGIN TO HANDLE EVENT AT 15:00 main calendar
Well, event is processing, just wating for 2 min before next event check. New iterration.
ChromeDriever download path = /home/torodioro/AutoUpdater/
Starting ChromeDriver 87.0.4280.88 (89e2380a3e36c3464b5dd1302349b1382549290d-refs/branch-heads/4280@{#1761}) on port 4021
Only local connections are allowed.
Please see https://chromedriver.chromium.org/security-considerations for suggestions on keeping ChromeDriver safe.
ChromeDriver was started successfully.
Event at 15:00 : Wait for 60 min until all cell of waitingList will be with text
WAIT FOR ALL tr[data-event-datetime="2020/12/23 15:00:00"] TO BE FULL OF TEXT..
WAIT FOR ALL tr[data-event-datetime="2020/12/23 15:00:00"] TO BE FULL OF TEXT..
WAIT FOR ALL tr[data-event-datetime="2020/12/23 15:00:00"] TO BE FULL OF TEXT..
WAIT FOR ALL tr[data-event-datetime="2020/12/23 15:00:00"] TO BE FULL OF TEXT..
WAIT FOR ALL tr[data-event-datetime="2020/12/23 15:00:00"] TO BE FULL OF TEXT..
WAIT FOR ALL tr[data-event-datetime="2020/12/23 15:00:00"] TO BE FULL OF TEXT..
WAIT FOR ALL tr[data-event-datetime="2020/12/23 15:00:00"] TO BE FULL OF TEXT..
WAIT FOR ALL tr[data-event-datetime="2020/12/23 15:00:00"] TO BE FULL OF TEXT..
WAIT FOR ALL tr[data-event-datetime="2020/12/23 15:00:00"] TO BE FULL OF TEXT..
WAIT FOR ALL tr[data-event-datetime="2020/12/23 15:00:00"] TO BE FULL OF TEXT..
WAIT FOR ALL tr[data-event-datetime="2020/12/23 15:00:00"] TO BE FULL OF TEXT..
WAIT FOR ALL tr[data-event-datetime="2020/12/23 15:00:00"] TO BE FULL OF TEXT..
WAIT FOR ALL tr[data-event-datetime="2020/12/23 15:00:00"] TO BE FULL OF TEXT..
WAIT FOR ALL tr[data-event-datetime="2020/12/23 15:00:00"] TO BE FULL OF TEXT..
WAIT FOR ALL tr[data-event-datetime="2020/12/23 15:00:00"] TO BE FULL OF TEXT..
WAIT FOR ALL tr[data-event-datetime="2020/12/23 15:00:00"] TO BE FULL OF TEXT..
WAIT FOR ALL tr[data-event-datetime="2020/12/23 15:00:00"] TO BE FULL OF TEXT..
WAIT FOR ALL tr[data-event-datetime="2020/12/23 15:00:00"] TO BE FULL OF TEXT..
WAIT FOR ALL tr[data-event-datetime="2020/12/23 15:00:00"] TO BE FULL OF TEXT..
WAIT FOR ALL tr[data-event-datetime="2020/12/23 15:00:00"] TO BE FULL OF TEXT..
WAIT FOR ALL tr[data-event-datetime="2020/12/23 15:00:00"] TO BE FULL OF TEXT..
WAIT FOR ALL tr[data-event-datetime="2020/12/23 15:00:00"] TO BE FULL OF TEXT..
WAIT FOR ALL tr[data-event-datetime="2020/12/23 15:00:00"] TO BE FULL OF TEXT..
WAIT FOR ALL tr[data-event-datetime="2020/12/23 15:00:00"] TO BE FULL OF TEXT..
WAIT FOR ALL tr[data-event-datetime="2020/12/23 15:00:00"] TO BE FULL OF TEXT..
WAIT FOR ALL tr[data-event-datetime="2020/12/23 15:00:00"] TO BE FULL OF TEXT..
WAIT FOR ALL tr[data-event-datetime="2020/12/23 15:00:00"] TO BE FULL OF TEXT..
WAIT FOR ALL tr[data-event-datetime="2020/12/23 15:00:00"] TO BE FULL OF TEXT..
WAIT FOR ALL tr[data-event-datetime="2020/12/23 15:00:00"] TO BE FULL OF TEXT..
WAIT FOR ALL tr[data-event-datetime="2020/12/23 15:00:00"] TO BE FULL OF TEXT..
WAIT FOR ALL tr[data-event-datetime="2020/12/23 15:00:00"] TO BE FULL OF TEXT..
WAIT FOR ALL tr[data-event-datetime="2020/12/23 15:00:00"] TO BE FULL OF TEXT..
WAIT FOR ALL tr[data-event-datetime="2020/12/23 15:00:00"] TO BE FULL OF TEXT..
WAIT FOR ALL tr[data-event-datetime="2020/12/23 15:00:00"] TO BE FULL OF TEXT..
WAIT FOR ALL tr[data-event-datetime="2020/12/23 15:00:00"] TO BE FULL OF TEXT..
WAIT FOR ALL tr[data-event-datetime="2020/12/23 15:00:00"] TO BE FULL OF TEXT..
WAIT FOR ALL tr[data-event-datetime="2020/12/23 15:00:00"] TO BE FULL OF TEXT..
WAIT FOR ALL tr[data-event-datetime="2020/12/23 15:00:00"] TO BE FULL OF TEXT..
WAIT FOR ALL tr[data-event-datetime="2020/12/23 15:00:00"] TO BE FULL OF TEXT..
WAIT FOR ALL tr[data-event-datetime="2020/12/23 15:00:00"] TO BE FULL OF TEXT..
WAIT FOR ALL tr[data-event-datetime="2020/12/23 15:00:00"] TO BE FULL OF TEXT..
WAIT FOR ALL tr[data-event-datetime="2020/12/23 15:00:00"] TO BE FULL OF TEXT..
WAIT FOR ALL tr[data-event-datetime="2020/12/23 15:00:00"] TO BE FULL OF TEXT..
WAIT FOR ALL tr[data-event-datetime="2020/12/23 15:00:00"] TO BE FULL OF TEXT..
WAIT FOR ALL tr[data-event-datetime="2020/12/23 15:00:00"] TO BE FULL OF TEXT..
Now is 16:28:28.078494 and I gonna handle events at 16:30
Before "execute Calendaring Thread" let's change event status - 16:30 = true
BEGIN TO HANDLE EVENT AT 16:30 main calendar
Well, event is processing, just wating for 2 min before next event check. New iterration.
ChromeDriever download path = /home/torodioro/AutoUpdater/
Starting ChromeDriver 87.0.4280.88 (89e2380a3e36c3464b5dd1302349b1382549290d-refs/branch-heads/4280@{#1761}) on port 10769
Only local connections are allowed.
Please see https://chromedriver.chromium.org/security-considerations for suggestions on keeping ChromeDriver safe.
ChromeDriver was started successfully.
Event at 16:30 : Wait for 60 min until all cell of waitingList will be with text
WAIT FOR ALL tr[data-event-datetime="2020/12/23 16:30:00"] TO BE FULL OF TEXT..
WAIT FOR ALL tr[data-event-datetime="2020/12/23 15:00:00"] TO BE FULL OF TEXT..
Event at 15:00 : All good, try to send 5 events to Telegram
Event at 15:00 : Shutdown Chrome
smile = %F0%9F%94%B5%E2%9A%AA%E2%9A%AA
text to send to Telegram: #США $USD %F0%9F%94%B5%E2%9A%AA%E2%9A%AA
Индекс заявлений на покупку домов по ипотеке от MBA
*было: 331,6
стало: 316,3
*

smile = %F0%9F%94%B5%E2%9A%AA%E2%9A%AA
text to send to Telegram: #США $USD %F0%9F%94%B5%E2%9A%AA%E2%9A%AA
Индекс заявлений на покупку домов по ипотеке от MBA
*было: 331,6
стало: 316,3
*
#США $USD %F0%9F%94%B5%E2%9A%AA%E2%9A%AA
Индекс ипотечного рынка
*было: 857,3
стало: 863,9
*

smile = %F0%9F%94%B5%E2%9A%AA%E2%9A%AA
text to send to Telegram: #США $USD %F0%9F%94%B5%E2%9A%AA%E2%9A%AA
Индекс заявлений на покупку домов по ипотеке от MBA
*было: 331,6
стало: 316,3
*
#США $USD %F0%9F%94%B5%E2%9A%AA%E2%9A%AA
Индекс ипотечного рынка
*было: 857,3
стало: 863,9
*
#США $USD %F0%9F%94%B5%E2%9A%AA%E2%9A%AA
Индекс ипотечного кредитования от МВА (еженедельный)
*было: 1,1%
стало: 0,8%
*

smile = %F0%9F%94%B5%E2%9A%AA%E2%9A%AA
text to send to Telegram: #США $USD %F0%9F%94%B5%E2%9A%AA%E2%9A%AA
Индекс заявлений на покупку домов по ипотеке от MBA
*было: 331,6
стало: 316,3
*
#США $USD %F0%9F%94%B5%E2%9A%AA%E2%9A%AA
Индекс ипотечного рынка
*было: 857,3
стало: 863,9
*
#США $USD %F0%9F%94%B5%E2%9A%AA%E2%9A%AA
Индекс ипотечного кредитования от МВА (еженедельный)
*было: 1,1%
стало: 0,8%
*
#США $USD %F0%9F%94%B5%E2%9A%AA%E2%9A%AA
Ставка по 30-летним ипотечным кредитам от MBA
*было: 2,85%
стало: 2,86%
*

smile = %F0%9F%94%B5%E2%9A%AA%E2%9A%AA
text to send to Telegram: #США $USD %F0%9F%94%B5%E2%9A%AA%E2%9A%AA
Индекс заявлений на покупку домов по ипотеке от MBA
*было: 331,6
стало: 316,3
*
#США $USD %F0%9F%94%B5%E2%9A%AA%E2%9A%AA
Индекс ипотечного рынка
*было: 857,3
стало: 863,9
*
#США $USD %F0%9F%94%B5%E2%9A%AA%E2%9A%AA
Индекс ипотечного кредитования от МВА (еженедельный)
*было: 1,1%
стало: 0,8%
*
#США $USD %F0%9F%94%B5%E2%9A%AA%E2%9A%AA
Ставка по 30-летним ипотечным кредитам от MBA
*было: 2,85%
стало: 2,86%
*
#США $USD %F0%9F%94%B5%E2%9A%AA%E2%9A%AA
Индекс рефинансирования ипотечных кредитов
*было: 4.014,5
стало: 4.169,0
*

https://api.telegram.org/bot1473657414:AAGtn6-sO0pRxUMaK5iF_0-zs8gP3T3W6RE/sendMessage?chat_id=@torodioro&disable_notification=false&parse_mode=MarkdownV2&text=\%2323декабря2020г\%2E%20\%23США%20$USD%20%F0%9F%94%B5%E2%9A%AA%E2%9A%AA%0D%0AИндекс%20заявлений%20на%20покупку%20домов%20по%20ипотеке%20от%20MBA%0D%0A*было:%20331,6%0D%0Aстало:%20316,3%0D%0A*%0D%0A\%23США%20$USD%20%F0%9F%94%B5%E2%9A%AA%E2%9A%AA%0D%0AИндекс%20ипотечного%20рынка%0D%0A*было:%20857,3%0D%0Aстало:%20863,9%0D%0A*%0D%0A\%23США%20$USD%20%F0%9F%94%B5%E2%9A%AA%E2%9A%AA%0D%0AИндекс%20ипотечного%20кредитования%20от%20МВА%20\%28еженедельный\%29%0D%0A*было:%201,1%%0D%0Aстало:%200,8%%0D%0A*%0D%0A\%23США%20$USD%20%F0%9F%94%B5%E2%9A%AA%E2%9A%AA%0D%0AСтавка%20по%2030\%2Dлетним%20ипотечным%20кредитам%20от%20MBA%0D%0A*было:%202,85%%0D%0Aстало:%202,86%%0D%0A*%0D%0A\%23США%20$USD%20%F0%9F%94%B5%E2%9A%AA%E2%9A%AA%0D%0AИндекс%20рефинансирования%20ипотечных%20кредитов%0D%0A*было:%204\%2E014,5%0D%0Aстало:%204\%2E169,0%0D%0A*%0D%0A
https://api.telegram.org/bot1473657414:AAGtn6-sO0pRxUMaK5iF_0-zs8gP3T3W6RE/editMessageText?chat_id=@torodioro&parse_mode=MarkdownV2&message_id=176&text=**%D0%A1%D0%BE%D0%BE%D0%B1%D1%89%D0%B5%D0%BD%D0%B8%D1%8F%20%D0%BF%D0%BE%20%D0%B4%D0%B0%D1%82%D0%B0%D0%BC%3A**%0A%D0%BF%D0%B5%D1%80%D0%B5%D0%B9%D0%B4%D1%8F%20%D0%BF%D0%BE%20%D1%85%D1%8D%D1%88%D1%82%D0%B5%D0%B3%D1%83%20%D0%BC%D0%BE%D0%B6%D0%BD%D0%BE%20%D0%BF%D0%BE%D0%BB%D1%83%D1%87%D0%B8%D1%82%D1%8C%20%D1%81%D0%BF%D0%B8%D1%81%D0%BE%D0%BA%20%D0%B2%D1%81%D0%B5%D1%85%20%D1%81%D0%BE%D0%BE%D0%B1%D1%89%D0%B5%D0%BD%D0%B8%D0%B9%20%D0%BD%D0%B0%20%D0%BE%D0%BF%D1%80%D0%B5%D0%B4%D0%B5%D0%BB%D0%B5%D0%BD%D0%BD%D1%83%D1%8E%20%D0%B4%D0%B0%D1%82%D1%83\%2E%0A%0A\%2312%D0%B4%D0%B5%D0%BA%D0%B0%D0%B1%D1%80%D1%8F2020%D0%B3\%2E%0A\%2314%D0%B4%D0%B5%D0%BA%D0%B0%D0%B1%D1%80%D1%8F2020%D0%B3\%2E%0A\%2315%D0%B4%D0%B5%D0%BA%D0%B0%D0%B1%D1%80%D1%8F2020%D0%B3\%2E%0A\%2316%D0%B4%D0%B5%D0%BA%D0%B0%D0%B1%D1%80%D1%8F2020%D0%B3\%2E%0A\%2317%D0%B4%D0%B5%D0%BA%D0%B0%D0%B1%D1%80%D1%8F2020%D0%B3\%2E%0A\%2318%D0%B4%D0%B5%D0%BA%D0%B0%D0%B1%D1%80%D1%8F2020%D0%B3\%2E%0A\%2319%D0%B4%D0%B5%D0%BA%D0%B0%D0%B1%D1%80%D1%8F2020%D0%B3\%2E%0A\%2321%D0%B4%D0%B5%D0%BA%D0%B0%D0%B1%D1%80%D1%8F2020%D0%B3\%2E%0A\%2322%D0%B4%D0%B5%D0%BA%D0%B0%D0%B1%D1%80%D1%8F2020%D0%B3\%2E%0A\%2323%D0%B4%D0%B5%D0%BA%D0%B0%D0%B1%D1%80%D1%8F2020%D0%B3\%2E%0A%0A\%2E%0A
org.jsoup.HttpStatusException: HTTP error fetching URL. Status=400, URL=https://api.telegram.org/bot1473657414:AAGtn6-sO0pRxUMaK5iF_0-zs8gP3T3W6RE/editMessageText?chat_id=@torodioro&parse_mode=MarkdownV2&message_id=176&text=**%D0%A1%D0%BE%D0%BE%D0%B1%D1%89%D0%B5%D0%BD%D0%B8%D1%8F%20%D0%BF%D0%BE%20%D0%B4%D0%B0%D1%82%D0%B0%D0%BC%3A**%0A%D0%BF%D0%B5%D1%80%D0%B5%D0%B9%D0%B4%D1%8F%20%D0%BF%D0%BE%20%D1%85%D1%8D%D1%88%D1%82%D0%B5%D0%B3%D1%83%20%D0%BC%D0%BE%D0%B6%D0%BD%D0%BE%20%D0%BF%D0%BE%D0%BB%D1%83%D1%87%D0%B8%D1%82%D1%8C%20%D1%81%D0%BF%D0%B8%D1%81%D0%BE%D0%BA%20%D0%B2%D1%81%D0%B5%D1%85%20%D1%81%D0%BE%D0%BE%D0%B1%D1%89%D0%B5%D0%BD%D0%B8%D0%B9%20%D0%BD%D0%B0%20%D0%BE%D0%BF%D1%80%D0%B5%D0%B4%D0%B5%D0%BB%D0%B5%D0%BD%D0%BD%D1%83%D1%8E%20%D0%B4%D0%B0%D1%82%D1%83\%2E%0A%0A\%2312%D0%B4%D0%B5%D0%BA%D0%B0%D0%B1%D1%80%D1%8F2020%D0%B3\%2E%0A\%2314%D0%B4%D0%B5%D0%BA%D0%B0%D0%B1%D1%80%D1%8F2020%D0%B3\%2E%0A\%2315%D0%B4%D0%B5%D0%BA%D0%B0%D0%B1%D1%80%D1%8F2020%D0%B3\%2E%0A\%2316%D0%B4%D0%B5%D0%BA%D0%B0%D0%B1%D1%80%D1%8F2020%D0%B3\%2E%0A\%2317%D0%B4%D0%B5%D0%BA%D0%B0%D0%B1%D1%80%D1%8F2020%D0%B3\%2E%0A\%2318%D0%B4%D0%B5%D0%BA%D0%B0%D0%B1%D1%80%D1%8F2020%D0%B3\%2E%0A\%2319%D0%B4%D0%B5%D0%BA%D0%B0%D0%B1%D1%80%D1%8F2020%D0%B3\%2E%0A\%2321%D0%B4%D0%B5%D0%BA%D0%B0%D0%B1%D1%80%D1%8F2020%D0%B3\%2E%0A\%2322%D0%B4%D0%B5%D0%BA%D0%B0%D0%B1%D1%80%D1%8F2020%D0%B3\%2E%0A\%2323%D0%B4%D0%B5%D0%BA%D0%B0%D0%B1%D1%80%D1%8F2020%D0%B3\%2E%0A%0A\%2E%0A
	at org.jsoup.helper.HttpConnection$Response.execute(HttpConnection.java:762)
	at org.jsoup.helper.HttpConnection$Response.execute(HttpConnection.java:707)
	at org.jsoup.helper.HttpConnection.execute(HttpConnection.java:297)
	at com.ovus.aisekle.telegrambotwork.TBWork.sendRequest(TBWork.java:102)
	at com.ovus.aisekle.telegrambotwork.TBWork.editMessageText(TBWork.java:48)
	at com.ovus.aisekle.telegrambotwork.TBWork.editMessageText(TBWork.java:45)
	at finca.Glossary.Update(Glossary.java:42)
	at finca.BulletinSender.sendBulletin2Telegram(BulletinSender.java:132)
	at finca.Calendaring.eventSender(Calendaring.java:206)
	at finca.Calendaring.getEvent(Calendaring.java:155)
	at finca.Calendaring.call(Calendaring.java:73)
	at finca.Calendaring.call(Calendaring.java:38)
	at java.base/java.util.concurrent.FutureTask.run(FutureTask.java:264)
	at java.base/java.util.concurrent.ThreadPoolExecutor.runWorker(ThreadPoolExecutor.java:1128)
	at java.base/java.util.concurrent.ThreadPoolExecutor$Worker.run(ThreadPoolExecutor.java:628)
	at java.base/java.lang.Thread.run(Thread.java:834)
https://api.telegram.org/bot1473657414:AAGtn6-sO0pRxUMaK5iF_0-zs8gP3T3W6RE/sendMessage?chat_id=@Mustacheff&disable_notification=false&parse_mode=MarkdownV2&text=\%2323декабря2020г\%2E%20\%23США%20$USD%20%F0%9F%94%B5%E2%9A%AA%E2%9A%AA%0D%0AИндекс%20заявлений%20на%20покупку%20домов%20по%20ипотеке%20от%20MBA%0D%0A*было:%20331,6%0D%0Aстало:%20316,3%0D%0A*%0D%0A\%23США%20$USD%20%F0%9F%94%B5%E2%9A%AA%E2%9A%AA%0D%0AИндекс%20ипотечного%20рынка%0D%0A*было:%20857,3%0D%0Aстало:%20863,9%0D%0A*%0D%0A\%23США%20$USD%20%F0%9F%94%B5%E2%9A%AA%E2%9A%AA%0D%0AИндекс%20ипотечного%20кредитования%20от%20МВА%20\%28еженедельный\%29%0D%0A*было:%201,1%%0D%0Aстало:%200,8%%0D%0A*%0D%0A\%23США%20$USD%20%F0%9F%94%B5%E2%9A%AA%E2%9A%AA%0D%0AСтавка%20по%2030\%2Dлетним%20ипотечным%20кредитам%20от%20MBA%0D%0A*было:%202,85%%0D%0Aстало:%202,86%%0D%0A*%0D%0A\%23США%20$USD%20%F0%9F%94%B5%E2%9A%AA%E2%9A%AA%0D%0AИндекс%20рефинансирования%20ипотечных%20кредитов%0D%0A*было:%204\%2E014,5%0D%0Aстало:%204\%2E169,0%0D%0A*%0D%0A
Event at 15:00 : Wait time out.. Event have not done!
org.openqa.selenium.TimeoutException: Expected condition failed: waiting for finca.Calendaring$$Lambda$283/0x00000008401f4440@238a8866 (tried for 5400 second(s) with 120000 milliseconds interval)
Build info: version: 'unknown', revision: 'unknown', time: 'unknown'
System info: host: 'sc98830af.fastvps-server.com', ip: '46.36.217.216', os.name: 'Linux', os.arch: 'amd64', os.version: '3.10.0-1127.10.1.vz7.162.3', java.version: '11.0.9.1'
Driver info: org.openqa.selenium.chrome.ChromeDriver
Capabilities {acceptInsecureCerts: false, browserName: chrome, browserVersion: 87.0.4280.66, chrome: {chromedriverVersion: 87.0.4280.88 (89e2380a3e36c..., userDataDir: /tmp/.com.google.Chrome.81EYp1}, goog:chromeOptions: {debuggerAddress: localhost:44368}, javascriptEnabled: true, networkConnectionEnabled: false, pageLoadStrategy: normal, platform: LINUX, platformName: LINUX, proxy: Proxy(), setWindowRect: true, strictFileInteractability: false, timeouts: {implicit: 0, pageLoad: 300000, script: 30000}, unhandledPromptBehavior: dismiss and notify, webauthn:virtualAuthenticators: true}
Session ID: 4ba7f119f18fc0d657794e638cbd8122
	at org.openqa.selenium.support.ui.WebDriverWait.timeoutException(WebDriverWait.java:95)
	at org.openqa.selenium.support.ui.FluentWait.until(FluentWait.java:272)
	at finca.Calendaring.getEvent(Calendaring.java:100)
	at finca.Calendaring.call(Calendaring.java:73)
	at finca.Calendaring.call(Calendaring.java:38)
	at java.base/java.util.concurrent.FutureTask.run(FutureTask.java:264)
	at java.base/java.util.concurrent.ThreadPoolExecutor.runWorker(ThreadPoolExecutor.java:1128)
	at java.base/java.util.concurrent.ThreadPoolExecutor$Worker.run(ThreadPoolExecutor.java:628)
	at java.base/java.lang.Thread.run(Thread.java:834)
java.util.ConcurrentModificationException
	at java.base/java.util.TreeMap$PrivateEntryIterator.nextEntry(TreeMap.java:1208)
	at java.base/java.util.TreeMap$KeyIterator.next(TreeMap.java:1262)
	at finca.GetCal.justInTime(GetCal.java:165)
	at finca.GetCal.<init>(GetCal.java:83)
	at finca.GetCal.<init>(GetCal.java:110)
	at finca.GetCalStarter.main(GetCalStarter.java:22)
WAIT FOR ALL tr[data-event-datetime="2020/12/23 16:30:00"] TO BE FULL OF TEXT..
Event at 16:30 : All good, try to send 2 events to Telegram
Event at 16:30 : Shutdown Chrome
smile = %F0%9F%94%B5%E2%9A%AA%E2%9A%AA
text to send to Telegram: #США $USD %F0%9F%94%B5%E2%9A%AA%E2%9A%AA
Доходы физических лиц (м/м) (нояб)
*было: -0,6%
ожидалось: -0,3%
стало: -1,1%
*

smile = %F0%9F%94%B5%F0%9F%94%B5%F0%9F%94%B5
text to send to Telegram: #США $USD %F0%9F%94%B5%E2%9A%AA%E2%9A%AA
Доходы физических лиц (м/м) (нояб)
*было: -0,6%
ожидалось: -0,3%
стало: -1,1%
*
#Канада $CAD %F0%9F%94%B5%F0%9F%94%B5%F0%9F%94%B5
ВВП (м/м) (окт)
*было: 0,8%
ожидалось: 0,3%
стало: 0,4%
*

https://api.telegram.org/bot1473657414:AAGtn6-sO0pRxUMaK5iF_0-zs8gP3T3W6RE/sendMessage?chat_id=@torodioro&disable_notification=false&parse_mode=MarkdownV2&text=\%2323декабря2020г\%2E%20\%23США%20$USD%20%F0%9F%94%B5%E2%9A%AA%E2%9A%AA%0D%0AДоходы%20физических%20лиц%20\%28м/м\%29%20\%28нояб\%29%0D%0A*было:%20\%2D0,6%%0D%0Aожидалось:%20\%2D0,3%%0D%0Aстало:%20\%2D1,1%%0D%0A*%0D%0A\%23Канада%20$CAD%20%F0%9F%94%B5%F0%9F%94%B5%F0%9F%94%B5%0D%0AВВП%20\%28м/м\%29%20\%28окт\%29%0D%0A*было:%200,8%%0D%0Aожидалось:%200,3%%0D%0Aстало:%200,4%%0D%0A*%0D%0A
https://api.telegram.org/bot1473657414:AAGtn6-sO0pRxUMaK5iF_0-zs8gP3T3W6RE/editMessageText?chat_id=@torodioro&parse_mode=MarkdownV2&message_id=176&text=**%D0%A1%D0%BE%D0%BE%D0%B1%D1%89%D0%B5%D0%BD%D0%B8%D1%8F%20%D0%BF%D0%BE%20%D0%B4%D0%B0%D1%82%D0%B0%D0%BC%3A**%0A%D0%BF%D0%B5%D1%80%D0%B5%D0%B9%D0%B4%D1%8F%20%D0%BF%D0%BE%20%D1%85%D1%8D%D1%88%D1%82%D0%B5%D0%B3%D1%83%20%D0%BC%D0%BE%D0%B6%D0%BD%D0%BE%20%D0%BF%D0%BE%D0%BB%D1%83%D1%87%D0%B8%D1%82%D1%8C%20%D1%81%D0%BF%D0%B8%D1%81%D0%BE%D0%BA%20%D0%B2%D1%81%D0%B5%D1%85%20%D1%81%D0%BE%D0%BE%D0%B1%D1%89%D0%B5%D0%BD%D0%B8%D0%B9%20%D0%BD%D0%B0%20%D0%BE%D0%BF%D1%80%D0%B5%D0%B4%D0%B5%D0%BB%D0%B5%D0%BD%D0%BD%D1%83%D1%8E%20%D0%B4%D0%B0%D1%82%D1%83\%2E%0A%0A\%2312%D0%B4%D0%B5%D0%BA%D0%B0%D0%B1%D1%80%D1%8F2020%D0%B3\%2E%0A\%2314%D0%B4%D0%B5%D0%BA%D0%B0%D0%B1%D1%80%D1%8F2020%D0%B3\%2E%0A\%2315%D0%B4%D0%B5%D0%BA%D0%B0%D0%B1%D1%80%D1%8F2020%D0%B3\%2E%0A\%2316%D0%B4%D0%B5%D0%BA%D0%B0%D0%B1%D1%80%D1%8F2020%D0%B3\%2E%0A\%2317%D0%B4%D0%B5%D0%BA%D0%B0%D0%B1%D1%80%D1%8F2020%D0%B3\%2E%0A\%2318%D0%B4%D0%B5%D0%BA%D0%B0%D0%B1%D1%80%D1%8F2020%D0%B3\%2E%0A\%2319%D0%B4%D0%B5%D0%BA%D0%B0%D0%B1%D1%80%D1%8F2020%D0%B3\%2E%0A\%2321%D0%B4%D0%B5%D0%BA%D0%B0%D0%B1%D1%80%D1%8F2020%D0%B3\%2E%0A\%2322%D0%B4%D0%B5%D0%BA%D0%B0%D0%B1%D1%80%D1%8F2020%D0%B3\%2E%0A\%2323%D0%B4%D0%B5%D0%BA%D0%B0%D0%B1%D1%80%D1%8F2020%D0%B3\%2E%0A%0A\%2E%0A
org.jsoup.HttpStatusException: HTTP error fetching URL. Status=400, URL=https://api.telegram.org/bot1473657414:AAGtn6-sO0pRxUMaK5iF_0-zs8gP3T3W6RE/editMessageText?chat_id=@torodioro&parse_mode=MarkdownV2&message_id=176&text=**%D0%A1%D0%BE%D0%BE%D0%B1%D1%89%D0%B5%D0%BD%D0%B8%D1%8F%20%D0%BF%D0%BE%20%D0%B4%D0%B0%D1%82%D0%B0%D0%BC%3A**%0A%D0%BF%D0%B5%D1%80%D0%B5%D0%B9%D0%B4%D1%8F%20%D0%BF%D0%BE%20%D1%85%D1%8D%D1%88%D1%82%D0%B5%D0%B3%D1%83%20%D0%BC%D0%BE%D0%B6%D0%BD%D0%BE%20%D0%BF%D0%BE%D0%BB%D1%83%D1%87%D0%B8%D1%82%D1%8C%20%D1%81%D0%BF%D0%B8%D1%81%D0%BE%D0%BA%20%D0%B2%D1%81%D0%B5%D1%85%20%D1%81%D0%BE%D0%BE%D0%B1%D1%89%D0%B5%D0%BD%D0%B8%D0%B9%20%D0%BD%D0%B0%20%D0%BE%D0%BF%D1%80%D0%B5%D0%B4%D0%B5%D0%BB%D0%B5%D0%BD%D0%BD%D1%83%D1%8E%20%D0%B4%D0%B0%D1%82%D1%83\%2E%0A%0A\%2312%D0%B4%D0%B5%D0%BA%D0%B0%D0%B1%D1%80%D1%8F2020%D0%B3\%2E%0A\%2314%D0%B4%D0%B5%D0%BA%D0%B0%D0%B1%D1%80%D1%8F2020%D0%B3\%2E%0A\%2315%D0%B4%D0%B5%D0%BA%D0%B0%D0%B1%D1%80%D1%8F2020%D0%B3\%2E%0A\%2316%D0%B4%D0%B5%D0%BA%D0%B0%D0%B1%D1%80%D1%8F2020%D0%B3\%2E%0A\%2317%D0%B4%D0%B5%D0%BA%D0%B0%D0%B1%D1%80%D1%8F2020%D0%B3\%2E%0A\%2318%D0%B4%D0%B5%D0%BA%D0%B0%D0%B1%D1%80%D1%8F2020%D0%B3\%2E%0A\%2319%D0%B4%D0%B5%D0%BA%D0%B0%D0%B1%D1%80%D1%8F2020%D0%B3\%2E%0A\%2321%D0%B4%D0%B5%D0%BA%D0%B0%D0%B1%D1%80%D1%8F2020%D0%B3\%2E%0A\%2322%D0%B4%D0%B5%D0%BA%D0%B0%D0%B1%D1%80%D1%8F2020%D0%B3\%2E%0A\%2323%D0%B4%D0%B5%D0%BA%D0%B0%D0%B1%D1%80%D1%8F2020%D0%B3\%2E%0A%0A\%2E%0A
	at org.jsoup.helper.HttpConnection$Response.execute(HttpConnection.java:762)
	at org.jsoup.helper.HttpConnection$Response.execute(HttpConnection.java:707)
	at org.jsoup.helper.HttpConnection.execute(HttpConnection.java:297)
	at com.ovus.aisekle.telegrambotwork.TBWork.sendRequest(TBWork.java:102)
	at com.ovus.aisekle.telegrambotwork.TBWork.editMessageText(TBWork.java:48)
	at com.ovus.aisekle.telegrambotwork.TBWork.editMessageText(TBWork.java:45)
	at finca.Glossary.Update(Glossary.java:42)
	at finca.BulletinSender.sendBulletin2Telegram(BulletinSender.java:132)
	at finca.Calendaring.eventSender(Calendaring.java:206)
	at finca.Calendaring.lambda$getEvent$0(Calendaring.java:116)
	at org.openqa.selenium.support.ui.FluentWait.until(FluentWait.java:249)
	at finca.Calendaring.getEvent(Calendaring.java:100)
	at finca.Calendaring.call(Calendaring.java:73)
	at finca.Calendaring.call(Calendaring.java:38)
	at java.base/java.util.concurrent.FutureTask.run(FutureTask.java:264)
	at java.base/java.util.concurrent.ThreadPoolExecutor.runWorker(ThreadPoolExecutor.java:1128)
	at java.base/java.util.concurrent.ThreadPoolExecutor$Worker.run(ThreadPoolExecutor.java:628)
	at java.base/java.lang.Thread.run(Thread.java:834)
https://api.telegram.org/bot1473657414:AAGtn6-sO0pRxUMaK5iF_0-zs8gP3T3W6RE/sendMessage?chat_id=@Mustacheff&disable_notification=false&parse_mode=MarkdownV2&text=\%2323декабря2020г\%2E%20\%23США%20$USD%20%F0%9F%94%B5%E2%9A%AA%E2%9A%AA%0D%0AДоходы%20физических%20лиц%20\%28м/м\%29%20\%28нояб\%29%0D%0A*было:%20\%2D0,6%%0D%0Aожидалось:%20\%2D0,3%%0D%0Aстало:%20\%2D1,1%%0D%0A*%0D%0A\%23Канада%20$CAD%20%F0%9F%94%B5%F0%9F%94%B5%F0%9F%94%B5%0D%0AВВП%20\%28м/м\%29%20\%28окт\%29%0D%0A*было:%200,8%%0D%0Aожидалось:%200,3%%0D%0Aстало:%200,4%%0D%0A*%0D%0A
WAIT FOR ALL tr[data-event-datetime="2020/12/23 16:30:00"] TO BE FULL OF TEXT..
Event at 16:30 : All good, try to send 9 events to Telegram
Event at 16:30 : Shutdown Chrome
smile = %F0%9F%94%B5%F0%9F%94%B5%E2%9A%AA
text to send to Telegram: #США $USD %F0%9F%94%B5%F0%9F%94%B5%E2%9A%AA
Ценовой индекс расходов на личное потребление (м/м) (нояб)
*было: 0,2%
стало: 0,0%
*

smile = %F0%9F%94%B5%E2%9A%AA%E2%9A%AA
text to send to Telegram: #США $USD %F0%9F%94%B5%F0%9F%94%B5%E2%9A%AA
Ценовой индекс расходов на личное потребление (м/м) (нояб)
*было: 0,2%
стало: 0,0%
*
#США $USD %F0%9F%94%B5%E2%9A%AA%E2%9A%AA
Базовый индекс расходов на личное потребление (м/м) (нояб)
*было: 0,3%
стало: -0,4%
*

smile = %F0%9F%94%B5%E2%9A%AA%E2%9A%AA
text to send to Telegram: #США $USD %F0%9F%94%B5%F0%9F%94%B5%E2%9A%AA
Ценовой индекс расходов на личное потребление (м/м) (нояб)
*было: 0,2%
стало: 0,0%
*
#США $USD %F0%9F%94%B5%E2%9A%AA%E2%9A%AA
Базовый индекс расходов на личное потребление (м/м) (нояб)
*было: 0,3%
стало: -0,4%
*
#США $USD %F0%9F%94%B5%E2%9A%AA%E2%9A%AA
Среднее число заявок на пособие по безработице за 4 недели
*было: 814,25K
стало: 818,25K
*

smile = %F0%9F%94%B5%F0%9F%94%B5%E2%9A%AA
text to send to Telegram: #США $USD %F0%9F%94%B5%F0%9F%94%B5%E2%9A%AA
Ценовой индекс расходов на личное потребление (м/м) (нояб)
*было: 0,2%
стало: 0,0%
*
#США $USD %F0%9F%94%B5%E2%9A%AA%E2%9A%AA
Базовый индекс расходов на личное потребление (м/м) (нояб)
*было: 0,3%
стало: -0,4%
*
#США $USD %F0%9F%94%B5%E2%9A%AA%E2%9A%AA
Среднее число заявок на пособие по безработице за 4 недели
*было: 814,25K
стало: 818,25K
*
#США $USD %F0%9F%94%B5%F0%9F%94%B5%E2%9A%AA
Базовый ценовой индекс расходов на личное потребление (г/г) (нояб)
*было: 1,4%
ожидалось: 1,5%
стало: 1,4%
*

smile = %F0%9F%94%B5%F0%9F%94%B5%E2%9A%AA
text to send to Telegram: #США $USD %F0%9F%94%B5%F0%9F%94%B5%E2%9A%AA
Ценовой индекс расходов на личное потребление (м/м) (нояб)
*было: 0,2%
стало: 0,0%
*
#США $USD %F0%9F%94%B5%E2%9A%AA%E2%9A%AA
Базовый индекс расходов на личное потребление (м/м) (нояб)
*было: 0,3%
стало: -0,4%
*
#США $USD %F0%9F%94%B5%E2%9A%AA%E2%9A%AA
Среднее число заявок на пособие по безработице за 4 недели
*было: 814,25K
стало: 818,25K
*
#США $USD %F0%9F%94%B5%F0%9F%94%B5%E2%9A%AA
Базовый ценовой индекс расходов на личное потребление (г/г) (нояб)
*было: 1,4%
ожидалось: 1,5%
стало: 1,4%
*
#США $USD %F0%9F%94%B5%F0%9F%94%B5%E2%9A%AA
Ценовой индекс расходов на личное потребление (г/г) (нояб)
*было: 1,2
стало: 1,1
*

smile = %F0%9F%94%B5%F0%9F%94%B5%F0%9F%94%B5
text to send to Telegram: #США $USD %F0%9F%94%B5%F0%9F%94%B5%E2%9A%AA
Ценовой индекс расходов на личное потребление (м/м) (нояб)
*было: 0,2%
стало: 0,0%
*
#США $USD %F0%9F%94%B5%E2%9A%AA%E2%9A%AA
Базовый индекс расходов на личное потребление (м/м) (нояб)
*было: 0,3%
стало: -0,4%
*
#США $USD %F0%9F%94%B5%E2%9A%AA%E2%9A%AA
Среднее число заявок на пособие по безработице за 4 недели
*было: 814,25K
стало: 818,25K
*
#США $USD %F0%9F%94%B5%F0%9F%94%B5%E2%9A%AA
Базовый ценовой индекс расходов на личное потребление (г/г) (нояб)
*было: 1,4%
ожидалось: 1,5%
стало: 1,4%
*
#США $USD %F0%9F%94%B5%F0%9F%94%B5%E2%9A%AA
Ценовой индекс расходов на личное потребление (г/г) (нояб)
*было: 1,2
стало: 1,1
*
#США $USD %F0%9F%94%B5%F0%9F%94%B5%F0%9F%94%B5
Число первичных заявок на получение пособий по безработице
*было: 892K
ожидалось: 885K
стало: 803K
*

smile = %F0%9F%94%B5%F0%9F%94%B5%E2%9A%AA
text to send to Telegram: #США $USD %F0%9F%94%B5%F0%9F%94%B5%E2%9A%AA
Ценовой индекс расходов на личное потребление (м/м) (нояб)
*было: 0,2%
стало: 0,0%
*
#США $USD %F0%9F%94%B5%E2%9A%AA%E2%9A%AA
Базовый индекс расходов на личное потребление (м/м) (нояб)
*было: 0,3%
стало: -0,4%
*
#США $USD %F0%9F%94%B5%E2%9A%AA%E2%9A%AA
Среднее число заявок на пособие по безработице за 4 недели
*было: 814,25K
стало: 818,25K
*
#США $USD %F0%9F%94%B5%F0%9F%94%B5%E2%9A%AA
Базовый ценовой индекс расходов на личное потребление (г/г) (нояб)
*было: 1,4%
ожидалось: 1,5%
стало: 1,4%
*
#США $USD %F0%9F%94%B5%F0%9F%94%B5%E2%9A%AA
Ценовой индекс расходов на личное потребление (г/г) (нояб)
*было: 1,2
стало: 1,1
*
#США $USD %F0%9F%94%B5%F0%9F%94%B5%F0%9F%94%B5
Число первичных заявок на получение пособий по безработице
*было: 892K
ожидалось: 885K
стало: 803K
*
#США $USD %F0%9F%94%B5%F0%9F%94%B5%E2%9A%AA
Расходы физических лиц (м/м) (нояб)
*было: 0,3%
ожидалось: -0,2%
стало: -0,4%
*

smile = %F0%9F%94%B5%E2%9A%AA%E2%9A%AA
text to send to Telegram: #США $USD %F0%9F%94%B5%F0%9F%94%B5%E2%9A%AA
Ценовой индекс расходов на личное потребление (м/м) (нояб)
*было: 0,2%
стало: 0,0%
*
#США $USD %F0%9F%94%B5%E2%9A%AA%E2%9A%AA
Базовый индекс расходов на личное потребление (м/м) (нояб)
*было: 0,3%
стало: -0,4%
*
#США $USD %F0%9F%94%B5%E2%9A%AA%E2%9A%AA
Среднее число заявок на пособие по безработице за 4 недели
*было: 814,25K
стало: 818,25K
*
#США $USD %F0%9F%94%B5%F0%9F%94%B5%E2%9A%AA
Базовый ценовой индекс расходов на личное потребление (г/г) (нояб)
*было: 1,4%
ожидалось: 1,5%
стало: 1,4%
*
#США $USD %F0%9F%94%B5%F0%9F%94%B5%E2%9A%AA
Ценовой индекс расходов на личное потребление (г/г) (нояб)
*было: 1,2
стало: 1,1
*
#США $USD %F0%9F%94%B5%F0%9F%94%B5%F0%9F%94%B5
Число первичных заявок на получение пособий по безработице
*было: 892K
ожидалось: 885K
стало: 803K
*
#США $USD %F0%9F%94%B5%F0%9F%94%B5%E2%9A%AA
Расходы физических лиц (м/м) (нояб)
*было: 0,3%
ожидалось: -0,2%
стало: -0,4%
*
#США $USD %F0%9F%94%B5%E2%9A%AA%E2%9A%AA
Общее число лиц, получающих пособия по безработице
*было: 5.507K
ожидалось: 5.558K
стало: 5.337K
*

smile = %F0%9F%94%B5%F0%9F%94%B5%E2%9A%AA
text to send to Telegram: #США $USD %F0%9F%94%B5%F0%9F%94%B5%E2%9A%AA
Ценовой индекс расходов на личное потребление (м/м) (нояб)
*было: 0,2%
стало: 0,0%
*
#США $USD %F0%9F%94%B5%E2%9A%AA%E2%9A%AA
Базовый индекс расходов на личное потребление (м/м) (нояб)
*было: 0,3%
стало: -0,4%
*
#США $USD %F0%9F%94%B5%E2%9A%AA%E2%9A%AA
Среднее число заявок на пособие по безработице за 4 недели
*было: 814,25K
стало: 818,25K
*
#США $USD %F0%9F%94%B5%F0%9F%94%B5%E2%9A%AA
Базовый ценовой индекс расходов на личное потребление (г/г) (нояб)
*было: 1,4%
ожидалось: 1,5%
стало: 1,4%
*
#США $USD %F0%9F%94%B5%F0%9F%94%B5%E2%9A%AA
Ценовой индекс расходов на личное потребление (г/г) (нояб)
*было: 1,2
стало: 1,1
*
#США $USD %F0%9F%94%B5%F0%9F%94%B5%F0%9F%94%B5
Число первичных заявок на получение пособий по безработице
*было: 892K
ожидалось: 885K
стало: 803K
*
#США $USD %F0%9F%94%B5%F0%9F%94%B5%E2%9A%AA
Расходы физических лиц (м/м) (нояб)
*было: 0,3%
ожидалось: -0,2%
стало: -0,4%
*
#США $USD %F0%9F%94%B5%E2%9A%AA%E2%9A%AA
Общее число лиц, получающих пособия по безработице
*было: 5.507K
ожидалось: 5.558K
стало: 5.337K
*
#США $USD %F0%9F%94%B5%F0%9F%94%B5%E2%9A%AA
Базовый ценовой индекс расходов на личное потребление (м/м) (нояб)
*было: 0,2%
ожидалось: 0,1%
стало: 0,0%
*

https://api.telegram.org/bot1473657414:AAGtn6-sO0pRxUMaK5iF_0-zs8gP3T3W6RE/sendMessage?chat_id=@torodioro&disable_notification=false&parse_mode=MarkdownV2&text=\%2323декабря2020г\%2E%20\%23США%20$USD%20%F0%9F%94%B5%F0%9F%94%B5%E2%9A%AA%0D%0AЦеновой%20индекс%20расходов%20на%20личное%20потребление%20\%28м/м\%29%20\%28нояб\%29%0D%0A*было:%200,2%%0D%0Aстало:%200,0%%0D%0A*%0D%0A\%23США%20$USD%20%F0%9F%94%B5%E2%9A%AA%E2%9A%AA%0D%0AБазовый%20индекс%20расходов%20на%20личное%20потребление%20\%28м/м\%29%20\%28нояб\%29%0D%0A*было:%200,3%%0D%0Aстало:%20\%2D0,4%%0D%0A*%0D%0A\%23США%20$USD%20%F0%9F%94%B5%E2%9A%AA%E2%9A%AA%0D%0AСреднее%20число%20заявок%20на%20пособие%20по%20безработице%20за%204%20недели%0D%0A*было:%20814,25K%0D%0Aстало:%20818,25K%0D%0A*%0D%0A\%23США%20$USD%20%F0%9F%94%B5%F0%9F%94%B5%E2%9A%AA%0D%0AБазовый%20ценовой%20индекс%20расходов%20на%20личное%20потребление%20\%28г/г\%29%20\%28нояб\%29%0D%0A*было:%201,4%%0D%0Aожидалось:%201,5%%0D%0Aстало:%201,4%%0D%0A*%0D%0A\%23США%20$USD%20%F0%9F%94%B5%F0%9F%94%B5%E2%9A%AA%0D%0AЦеновой%20индекс%20расходов%20на%20личное%20потребление%20\%28г/г\%29%20\%28нояб\%29%0D%0A*было:%201,2%0D%0Aстало:%201,1%0D%0A*%0D%0A\%23США%20$USD%20%F0%9F%94%B5%F0%9F%94%B5%F0%9F%94%B5%0D%0AЧисло%20первичных%20заявок%20на%20получение%20пособий%20по%20безработице%0D%0A*было:%20892K%0D%0Aожидалось:%20885K%0D%0Aстало:%20803K%0D%0A*%0D%0A\%23США%20$USD%20%F0%9F%94%B5%F0%9F%94%B5%E2%9A%AA%0D%0AРасходы%20физических%20лиц%20\%28м/м\%29%20\%28нояб\%29%0D%0A*было:%200,3%%0D%0Aожидалось:%20\%2D0,2%%0D%0Aстало:%20\%2D0,4%%0D%0A*%0D%0A\%23США%20$USD%20%F0%9F%94%B5%E2%9A%AA%E2%9A%AA%0D%0AОбщее%20число%20лиц,%20получающих%20пособия%20по%20безработице%0D%0A*было:%205\%2E507K%0D%0Aожидалось:%205\%2E558K%0D%0Aстало:%205\%2E337K%0D%0A*%0D%0A\%23США%20$USD%20%F0%9F%94%B5%F0%9F%94%B5%E2%9A%AA%0D%0AБазовый%20ценовой%20индекс%20расходов%20на%20личное%20потребление%20\%28м/м\%29%20\%28нояб\%29%0D%0A*было:%200,2%%0D%0Aожидалось:%200,1%%0D%0Aстало:%200,0%%0D%0A*%0D%0A
https://api.telegram.org/bot1473657414:AAGtn6-sO0pRxUMaK5iF_0-zs8gP3T3W6RE/editMessageText?chat_id=@torodioro&parse_mode=MarkdownV2&message_id=176&text=**%D0%A1%D0%BE%D0%BE%D0%B1%D1%89%D0%B5%D0%BD%D0%B8%D1%8F%20%D0%BF%D0%BE%20%D0%B4%D0%B0%D1%82%D0%B0%D0%BC%3A**%0A%D0%BF%D0%B5%D1%80%D0%B5%D0%B9%D0%B4%D1%8F%20%D0%BF%D0%BE%20%D1%85%D1%8D%D1%88%D1%82%D0%B5%D0%B3%D1%83%20%D0%BC%D0%BE%D0%B6%D0%BD%D0%BE%20%D0%BF%D0%BE%D0%BB%D1%83%D1%87%D0%B8%D1%82%D1%8C%20%D1%81%D0%BF%D0%B8%D1%81%D0%BE%D0%BA%20%D0%B2%D1%81%D0%B5%D1%85%20%D1%81%D0%BE%D0%BE%D0%B1%D1%89%D0%B5%D0%BD%D0%B8%D0%B9%20%D0%BD%D0%B0%20%D0%BE%D0%BF%D1%80%D0%B5%D0%B4%D0%B5%D0%BB%D0%B5%D0%BD%D0%BD%D1%83%D1%8E%20%D0%B4%D0%B0%D1%82%D1%83\%2E%0A%0A\%2312%D0%B4%D0%B5%D0%BA%D0%B0%D0%B1%D1%80%D1%8F2020%D0%B3\%2E%0A\%2314%D0%B4%D0%B5%D0%BA%D0%B0%D0%B1%D1%80%D1%8F2020%D0%B3\%2E%0A\%2315%D0%B4%D0%B5%D0%BA%D0%B0%D0%B1%D1%80%D1%8F2020%D0%B3\%2E%0A\%2316%D0%B4%D0%B5%D0%BA%D0%B0%D0%B1%D1%80%D1%8F2020%D0%B3\%2E%0A\%2317%D0%B4%D0%B5%D0%BA%D0%B0%D0%B1%D1%80%D1%8F2020%D0%B3\%2E%0A\%2318%D0%B4%D0%B5%D0%BA%D0%B0%D0%B1%D1%80%D1%8F2020%D0%B3\%2E%0A\%2319%D0%B4%D0%B5%D0%BA%D0%B0%D0%B1%D1%80%D1%8F2020%D0%B3\%2E%0A\%2321%D0%B4%D0%B5%D0%BA%D0%B0%D0%B1%D1%80%D1%8F2020%D0%B3\%2E%0A\%2322%D0%B4%D0%B5%D0%BA%D0%B0%D0%B1%D1%80%D1%8F2020%D0%B3\%2E%0A\%2323%D0%B4%D0%B5%D0%BA%D0%B0%D0%B1%D1%80%D1%8F2020%D0%B3\%2E%0A%0A\%2E%0A
org.jsoup.HttpStatusException: HTTP error fetching URL. Status=400, URL=https://api.telegram.org/bot1473657414:AAGtn6-sO0pRxUMaK5iF_0-zs8gP3T3W6RE/editMessageText?chat_id=@torodioro&parse_mode=MarkdownV2&message_id=176&text=**%D0%A1%D0%BE%D0%BE%D0%B1%D1%89%D0%B5%D0%BD%D0%B8%D1%8F%20%D0%BF%D0%BE%20%D0%B4%D0%B0%D1%82%D0%B0%D0%BC%3A**%0A%D0%BF%D0%B5%D1%80%D0%B5%D0%B9%D0%B4%D1%8F%20%D0%BF%D0%BE%20%D1%85%D1%8D%D1%88%D1%82%D0%B5%D0%B3%D1%83%20%D0%BC%D0%BE%D0%B6%D0%BD%D0%BE%20%D0%BF%D0%BE%D0%BB%D1%83%D1%87%D0%B8%D1%82%D1%8C%20%D1%81%D0%BF%D0%B8%D1%81%D0%BE%D0%BA%20%D0%B2%D1%81%D0%B5%D1%85%20%D1%81%D0%BE%D0%BE%D0%B1%D1%89%D0%B5%D0%BD%D0%B8%D0%B9%20%D0%BD%D0%B0%20%D0%BE%D0%BF%D1%80%D0%B5%D0%B4%D0%B5%D0%BB%D0%B5%D0%BD%D0%BD%D1%83%D1%8E%20%D0%B4%D0%B0%D1%82%D1%83\%2E%0A%0A\%2312%D0%B4%D0%B5%D0%BA%D0%B0%D0%B1%D1%80%D1%8F2020%D0%B3\%2E%0A\%2314%D0%B4%D0%B5%D0%BA%D0%B0%D0%B1%D1%80%D1%8F2020%D0%B3\%2E%0A\%2315%D0%B4%D0%B5%D0%BA%D0%B0%D0%B1%D1%80%D1%8F2020%D0%B3\%2E%0A\%2316%D0%B4%D0%B5%D0%BA%D0%B0%D0%B1%D1%80%D1%8F2020%D0%B3\%2E%0A\%2317%D0%B4%D0%B5%D0%BA%D0%B0%D0%B1%D1%80%D1%8F2020%D0%B3\%2E%0A\%2318%D0%B4%D0%B5%D0%BA%D0%B0%D0%B1%D1%80%D1%8F2020%D0%B3\%2E%0A\%2319%D0%B4%D0%B5%D0%BA%D0%B0%D0%B1%D1%80%D1%8F2020%D0%B3\%2E%0A\%2321%D0%B4%D0%B5%D0%BA%D0%B0%D0%B1%D1%80%D1%8F2020%D0%B3\%2E%0A\%2322%D0%B4%D0%B5%D0%BA%D0%B0%D0%B1%D1%80%D1%8F2020%D0%B3\%2E%0A\%2323%D0%B4%D0%B5%D0%BA%D0%B0%D0%B1%D1%80%D1%8F2020%D0%B3\%2E%0A%0A\%2E%0A
	at org.jsoup.helper.HttpConnection$Response.execute(HttpConnection.java:762)
	at org.jsoup.helper.HttpConnection$Response.execute(HttpConnection.java:707)
	at org.jsoup.helper.HttpConnection.execute(HttpConnection.java:297)
	at com.ovus.aisekle.telegrambotwork.TBWork.sendRequest(TBWork.java:102)
	at com.ovus.aisekle.telegrambotwork.TBWork.editMessageText(TBWork.java:48)
	at com.ovus.aisekle.telegrambotwork.TBWork.editMessageText(TBWork.java:45)
	at finca.Glossary.Update(Glossary.java:42)
	at finca.BulletinSender.sendBulletin2Telegram(BulletinSender.java:132)
	at finca.Calendaring.eventSender(Calendaring.java:206)
	at finca.Calendaring.lambda$getEvent$0(Calendaring.java:116)
	at org.openqa.selenium.support.ui.FluentWait.until(FluentWait.java:249)
	at finca.Calendaring.getEvent(Calendaring.java:100)
	at finca.Calendaring.call(Calendaring.java:73)
	at finca.Calendaring.call(Calendaring.java:38)
	at java.base/java.util.concurrent.FutureTask.run(FutureTask.java:264)
	at java.base/java.util.concurrent.ThreadPoolExecutor.runWorker(ThreadPoolExecutor.java:1128)
	at java.base/java.util.concurrent.ThreadPoolExecutor$Worker.run(ThreadPoolExecutor.java:628)
	at java.base/java.lang.Thread.run(Thread.java:834)
https://api.telegram.org/bot1473657414:AAGtn6-sO0pRxUMaK5iF_0-zs8gP3T3W6RE/sendMessage?chat_id=@Mustacheff&disable_notification=false&parse_mode=MarkdownV2&text=\%2323декабря2020г\%2E%20\%23США%20$USD%20%F0%9F%94%B5%F0%9F%94%B5%E2%9A%AA%0D%0AЦеновой%20индекс%20расходов%20на%20личное%20потребление%20\%28м/м\%29%20\%28нояб\%29%0D%0A*было:%200,2%%0D%0Aстало:%200,0%%0D%0A*%0D%0A\%23США%20$USD%20%F0%9F%94%B5%E2%9A%AA%E2%9A%AA%0D%0AБазовый%20индекс%20расходов%20на%20личное%20потребление%20\%28м/м\%29%20\%28нояб\%29%0D%0A*было:%200,3%%0D%0Aстало:%20\%2D0,4%%0D%0A*%0D%0A\%23США%20$USD%20%F0%9F%94%B5%E2%9A%AA%E2%9A%AA%0D%0AСреднее%20число%20заявок%20на%20пособие%20по%20безработице%20за%204%20недели%0D%0A*было:%20814,25K%0D%0Aстало:%20818,25K%0D%0A*%0D%0A\%23США%20$USD%20%F0%9F%94%B5%F0%9F%94%B5%E2%9A%AA%0D%0AБазовый%20ценовой%20индекс%20расходов%20на%20личное%20потребление%20\%28г/г\%29%20\%28нояб\%29%0D%0A*было:%201,4%%0D%0Aожидалось:%201,5%%0D%0Aстало:%201,4%%0D%0A*%0D%0A\%23США%20$USD%20%F0%9F%94%B5%F0%9F%94%B5%E2%9A%AA%0D%0AЦеновой%20индекс%20расходов%20на%20личное%20потребление%20\%28г/г\%29%20\%28нояб\%29%0D%0A*было:%201,2%0D%0Aстало:%201,1%0D%0A*%0D%0A\%23США%20$USD%20%F0%9F%94%B5%F0%9F%94%B5%F0%9F%94%B5%0D%0AЧисло%20первичных%20заявок%20на%20получение%20пособий%20по%20безработице%0D%0A*было:%20892K%0D%0Aожидалось:%20885K%0D%0Aстало:%20803K%0D%0A*%0D%0A\%23США%20$USD%20%F0%9F%94%B5%F0%9F%94%B5%E2%9A%AA%0D%0AРасходы%20физических%20лиц%20\%28м/м\%29%20\%28нояб\%29%0D%0A*было:%200,3%%0D%0Aожидалось:%20\%2D0,2%%0D%0Aстало:%20\%2D0,4%%0D%0A*%0D%0A\%23США%20$USD%20%F0%9F%94%B5%E2%9A%AA%E2%9A%AA%0D%0AОбщее%20число%20лиц,%20получающих%20пособия%20по%20безработице%0D%0A*было:%205\%2E507K%0D%0Aожидалось:%205\%2E558K%0D%0Aстало:%205\%2E337K%0D%0A*%0D%0A\%23США%20$USD%20%F0%9F%94%B5%F0%9F%94%B5%E2%9A%AA%0D%0AБазовый%20ценовой%20индекс%20расходов%20на%20личное%20потребление%20\%28м/м\%29%20\%28нояб\%29%0D%0A*было:%200,2%%0D%0Aожидалось:%200,1%%0D%0Aстало:%200,0%%0D%0A*%0D%0A
accumulator.size() >= trl.size() waiting should be finished!
